#
# A fatal error has been detected by the Java Runtime Environment:
#
#  EXCEPTION_ACCESS_VIOLATION (0xc0000005) at pc=0x00007ffb5385cdf0, pid=1132, tid=6224
#
# JRE version: Java(TM) SE Runtime Environment (15.0.2+7) (build 15.0.2+7-27)
# Java VM: Java HotSpot(TM) 64-Bit Server VM (15.0.2+7-27, mixed mode, sharing, tiered, compressed oops, g1 gc, windows-amd64)
# Problematic frame:
# V  [jvm.dll+0xcdf0]
#
# No core dump will be written. Minidumps are not enabled by default on client versions of Windows
#
# If you would like to submit a bug report, please visit:
#   https://bugreport.java.com/bugreport/crash.jsp
#

---------------  S U M M A R Y ------------

Command Line: -Dfile.encoding=Cp1252 --module-path=C:\Users\larsb\eclipse-workspace\Atlas\vendor\slick-util.jar -XX:+ShowCodeDetailsInExceptionMessages Atlas.sandbox.SandboxApp

Host: Intel(R) Core(TM) i7-4600U CPU @ 2.10GHz, 4 cores, 7G,  Windows 10 , 64 bit Build 18362 (10.0.18362.1316)
Time: Sun Mar 14 14:54:14 2021 Mitteleuropäische Zeit elapsed time: 0.984328 seconds (0d 0h 0m 0s)

---------------  T H R E A D  ---------------

Current thread (0x0000026f4c737e50):  JavaThread "main" [_thread_in_vm, id=6224, stack(0x000000a893300000,0x000000a893400000)]

Stack: [0x000000a893300000,0x000000a893400000],  sp=0x000000a8933fef88,  free space=1019k
Native frames: (J=compiled Java code, j=interpreted, Vv=VM code, C=native code)
V  [jvm.dll+0xcdf0]

Java frames: (J=compiled Java code, j=interpreted, Vv=VM code)
j  imgui.ImGui.colorEdit3(Ljava/lang/String;[F)Z+0
j  Atlas.sandbox.Sandbox2D.onGuiRender()V+9
j  Atlas.atlas.core.Application.run()V+55
j  Atlas.sandbox.SandboxApp.main([Ljava/lang/String;)V+26
v  ~StubRoutines::call_stub

siginfo: EXCEPTION_ACCESS_VIOLATION (0xc0000005), reading address 0x0000000000000000


Register to memory mapping:

RIP=0x00007ffb5385cdf0 jvm.dll
RAX=0x0 is NULL
RBX=0x0000026f4c737e50 is a thread
RCX=0x0 is NULL
RDX=0x0 is NULL
RSP=0x000000a8933fef88 is pointing into the stack for thread: 0x0000026f4c737e50
RBP=0x000000a8933ff0b8 is pointing into the stack for thread: 0x0000026f4c737e50
RSI=0x0 is NULL
RDI=0x0 is NULL
R8 =0x0 is NULL
R9 =0x0000000000000001 is an unknown value
R10=0x0000026fb3c87b1c points into unknown readable memory: 00 00 00 00
R11=0x0000026fb3c87b10 points into unknown readable memory: 0x4320657261757153 | 53 71 75 61 72 65 20 43
R12=0x0000026f4c738178 points into unknown readable memory: 0x0000026f6de03530 | 30 35 e0 6d 6f 02 00 00
R13=0x000000a8933ff0e0 is pointing into the stack for thread: 0x0000026f4c737e50
R14=0x0 is NULL
R15=0x0000026f4c737e50 is a thread


Registers:
RAX=0x0000000000000000, RBX=0x0000026f4c737e50, RCX=0x0000000000000000, RDX=0x0000000000000000
RSP=0x000000a8933fef88, RBP=0x000000a8933ff0b8, RSI=0x0000000000000000, RDI=0x0000000000000000
R8 =0x0000000000000000, R9 =0x0000000000000001, R10=0x0000026fb3c87b1c, R11=0x0000026fb3c87b10
R12=0x0000026f4c738178, R13=0x000000a8933ff0e0, R14=0x0000000000000000, R15=0x0000026f4c737e50
RIP=0x00007ffb5385cdf0, EFLAGS=0x0000000000010246

Top of Stack: (sp=0x000000a8933fef88)
0x000000a8933fef88:   00007ffb53c059cb 0000000000000000
0x000000a8933fef98:   0000000000000000 0000000000000000
0x000000a8933fefa8:   0000000000000000 0000026f4c737e50
0x000000a8933fefb8:   0000000000000000 0000026f4c737e50
0x000000a8933fefc8:   0000000000000000 0000026f56159950
0x000000a8933fefd8:   0000000064a5932c 0000026fb3c87b10
0x000000a8933fefe8:   0000000000000000 0000000000000000
0x000000a8933feff8:   0000026f4c737e50 0000026f56159950
0x000000a8933ff008:   0000026f6d0e6ae0 0000000000000000
0x000000a8933ff018:   0000000000000000 0000026f6d0e6ae0
0x000000a8933ff028:   000000a8933ff0e0 0000026f4c737e50
0x000000a8933ff038:   0000026f5615f177 0000026f6d0e6ae0
0x000000a8933ff048:   0000000000000000 0000026f56171e92
0x000000a8933ff058:   0000026f56158a90 0000026f00000000
0x000000a8933ff068:   0000026f5615ee16 000000a8933ff070
0x000000a8933ff078:   0000026f6d0e6ae0 000000a8933ff0e0 

Instructions: (pc=0x00007ffb5385cdf0)
0x00007ffb5385ccf0:   14 73 9e 00 48 83 c4 20 5b 48 ff e0 48 8d 05 ed
0x00007ffb5385cd00:   00 00 00 48 8b cb 48 89 05 fb 72 9e 00 48 83 c4
0x00007ffb5385cd10:   20 5b 48 ff e0 48 8d 05 d4 00 00 00 48 8b cb 48
0x00007ffb5385cd20:   89 05 e2 72 9e 00 48 83 c4 20 5b 48 ff e0 48 8b
0x00007ffb5385cd30:   0d 2b 6d a4 00 8b 51 10 83 ea 01 0f 84 8b 00 00
0x00007ffb5385cd40:   00 83 ea 01 74 6d 83 ea 01 74 4f 83 fa 01 74 31
0x00007ffb5385cd50:   4c 8d 05 99 fe 7c 00 ba e8 00 00 00 48 8d 0d c5
0x00007ffb5385cd60:   fe 7c 00 e8 98 92 20 00 e8 d3 db 61 00 33 c0 48
0x00007ffb5385cd70:   8b cb 48 89 05 8f 72 9e 00 48 83 c4 20 5b 48 ff
0x00007ffb5385cd80:   e0 48 8d 05 78 00 00 00 48 8b cb 48 89 05 76 72
0x00007ffb5385cd90:   9e 00 48 83 c4 20 5b 48 ff e0 48 8d 05 4f 00 00
0x00007ffb5385cda0:   00 48 8b cb 48 89 05 5d 72 9e 00 48 83 c4 20 5b
0x00007ffb5385cdb0:   48 ff e0 48 8d 05 36 00 00 00 48 8b cb 48 89 05
0x00007ffb5385cdc0:   44 72 9e 00 48 83 c4 20 5b 48 ff e0 48 8d 05 1d
0x00007ffb5385cdd0:   00 00 00 48 8b cb 48 89 05 2b 72 9e 00 48 83 c4
0x00007ffb5385cde0:   20 5b 48 ff e0 cc cc cc cc cc cc cc cc cc cc cc
0x00007ffb5385cdf0:   48 8b 01 c3 cc cc cc cc cc cc cc cc cc cc cc cc
0x00007ffb5385ce00:   48 8b 11 e9 e8 fd ff ff cc cc cc cc cc cc cc cc
0x00007ffb5385ce10:   8b 44 24 30 45 03 c9 44 2b 4c 24 28 83 c0 0b 44
0x00007ffb5385ce20:   03 ca 45 03 c8 41 03 c1 c3 cc cc cc cc cc cc cc
0x00007ffb5385ce30:   48 8b 41 08 0f b7 48 32 0f b7 40 30 83 c0 48 03
0x00007ffb5385ce40:   c1 c3 cc cc cc cc cc cc cc cc cc cc cc cc cc cc
0x00007ffb5385ce50:   48 89 5c 24 18 56 48 83 ec 20 48 85 15 67 10 ac
0x00007ffb5385ce60:   00 48 8b da 48 8b f1 75 2e 48 85 d2 75 0d 33 c0
0x00007ffb5385ce70:   48 8b 5c 24 40 48 83 c4 20 5e c3 48 8b 05 56 10
0x00007ffb5385ce80:   ac 00 48 23 c3 48 0b 05 2c 10 ac 00 48 8b 5c 24
0x00007ffb5385ce90:   40 48 83 c4 20 5e c3 48 8b cb 48 89 6c 24 30 e8
0x00007ffb5385cea0:   2c 4b 7a 00 48 8b e8 48 85 f6 74 5d 48 85 c0 74
0x00007ffb5385ceb0:   58 48 89 7c 24 38 48 8b 3d 1b 10 ac 00 48 23 f8
0x00007ffb5385cec0:   48 0b 3d 49 10 ac 00 74 3b 48 8b 05 c8 84 a0 00
0x00007ffb5385ced0:   4c 8b c3 48 8b d6 48 8b cf ff d0 48 3b c3 74 24
0x00007ffb5385cee0:   48 85 05 e1 0f ac 00 74 1b 4c 8b 0d a8 84 a0 00 


Stack slot to memory mapping:
stack at sp + 0 slots: 0x00007ffb53c059cb jvm.dll
stack at sp + 1 slots: 0x0 is NULL
stack at sp + 2 slots: 0x0 is NULL
stack at sp + 3 slots: 0x0 is NULL
stack at sp + 4 slots: 0x0 is NULL
stack at sp + 5 slots: 0x0000026f4c737e50 is a thread
stack at sp + 6 slots: 0x0 is NULL
stack at sp + 7 slots: 0x0000026f4c737e50 is a thread


---------------  P R O C E S S  ---------------

Threads class SMR info:
_java_thread_list=0x0000026f6dba5980, length=12, elements={
0x0000026f4c737e50, 0x0000026f6c8c3030, 0x0000026f6c8c43a0, 0x0000026f6c8dbdd0,
0x0000026f6c8de7a0, 0x0000026f6c8df9f0, 0x0000026f6c8e7150, 0x0000026f6c8ead10,
0x0000026f6c8f7140, 0x0000026f6c8a53e0, 0x0000026f6d42fda0, 0x0000026f6c8eb730
}

Java Threads: ( => current thread )
=>0x0000026f4c737e50 JavaThread "main" [_thread_in_vm, id=6224, stack(0x000000a893300000,0x000000a893400000)]
  0x0000026f6c8c3030 JavaThread "Reference Handler" daemon [_thread_blocked, id=13500, stack(0x000000a893a00000,0x000000a893b00000)]
  0x0000026f6c8c43a0 JavaThread "Finalizer" daemon [_thread_blocked, id=6580, stack(0x000000a893b00000,0x000000a893c00000)]
  0x0000026f6c8dbdd0 JavaThread "Signal Dispatcher" daemon [_thread_blocked, id=5116, stack(0x000000a893c00000,0x000000a893d00000)]
  0x0000026f6c8de7a0 JavaThread "Attach Listener" daemon [_thread_blocked, id=9540, stack(0x000000a893d00000,0x000000a893e00000)]
  0x0000026f6c8df9f0 JavaThread "Service Thread" daemon [_thread_blocked, id=16492, stack(0x000000a893e00000,0x000000a893f00000)]
  0x0000026f6c8e7150 JavaThread "C2 CompilerThread0" daemon [_thread_blocked, id=17988, stack(0x000000a893f00000,0x000000a894000000)]
  0x0000026f6c8ead10 JavaThread "C1 CompilerThread0" daemon [_thread_blocked, id=5688, stack(0x000000a894000000,0x000000a894100000)]
  0x0000026f6c8f7140 JavaThread "Sweeper thread" daemon [_thread_blocked, id=12840, stack(0x000000a894100000,0x000000a894200000)]
  0x0000026f6c8a53e0 JavaThread "Common-Cleaner" daemon [_thread_blocked, id=11132, stack(0x000000a894200000,0x000000a894300000)]
  0x0000026f6d42fda0 JavaThread "Notification Thread" daemon [_thread_blocked, id=18012, stack(0x000000a894300000,0x000000a894400000)]
  0x0000026f6c8eb730 JavaThread "C2 CompilerThread1" daemon [_thread_blocked, id=17452, stack(0x000000a894e00000,0x000000a894f00000)]

Other Threads:
  0x0000026f6c8bf000 VMThread "VM Thread" [stack: 0x000000a893900000,0x000000a893a00000] [id=16992]
  0x0000026f4c738ad0 WatcherThread [stack: 0x000000a894400000,0x000000a894500000] [id=12624]
  0x0000026f4c776ef0 GCTaskThread "GC Thread#0" [stack: 0x000000a893400000,0x000000a893500000] [id=2516]
  0x0000026f6d42c0e0 GCTaskThread "GC Thread#1" [stack: 0x000000a894f00000,0x000000a895000000] [id=16632]
  0x0000026f6d429dd0 GCTaskThread "GC Thread#2" [stack: 0x000000a895000000,0x000000a895100000] [id=8408]
  0x0000026f4c788e10 ConcurrentGCThread "G1 Main Marker" [stack: 0x000000a893500000,0x000000a893600000] [id=17296]
  0x0000026f4c78a220 ConcurrentGCThread "G1 Conc#0" [stack: 0x000000a893600000,0x000000a893700000] [id=17072]
  0x0000026f4c7f3720 ConcurrentGCThread "G1 Refine#0" [stack: 0x000000a893700000,0x000000a893800000] [id=17044]
  0x0000026f4c7f4b40 ConcurrentGCThread "G1 Young RemSet Sampling" [stack: 0x000000a893800000,0x000000a893900000] [id=16436]

Threads with active compile tasks:

VM state: not at safepoint (normal execution)

VM Mutex/Monitor currently owned by a thread: None

Heap address: 0x0000000081e00000, size: 2018 MB, Compressed Oops mode: 32-bit
CDS archive(s) mapped at: [0x0000000800000000-0x0000000800b50000-0x0000000800b50000), size 11862016, SharedBaseAddress: 0x0000000800000000, ArchiveRelocationMode: 0.
Compressed class space mapped at: 0x0000000800b50000-0x0000000840b50000, size: 1073741824
Narrow klass base: 0x0000000800000000, Narrow klass shift: 3, Narrow klass range: 0x100000000

GC Precious Log:
 CPUs: 4 total, 4 available
 Memory: 8070M
 Large Page Support: Disabled
 NUMA Support: Disabled
 Compressed Oops: Enabled (32-bit)
 Heap Region Size: 1M
 Heap Min Capacity: 8M
 Heap Initial Capacity: 128M
 Heap Max Capacity: 2018M
 Pre-touch: Disabled
 Parallel Workers: 4
 Concurrent Workers: 1
 Concurrent Refinement Workers: 4
 Periodic GC: Disabled

Heap:
 garbage-first heap   total 131072K, used 4282K [0x0000000081e00000, 0x0000000100000000)
  region size 1024K, 5 young (5120K), 2 survivors (2048K)
 Metaspace       used 6075K, capacity 8789K, committed 9088K, reserved 1058816K
  class space    used 350K, capacity 608K, committed 640K, reserved 1048576K

Heap Regions: E=young(eden), S=young(survivor), O=old, HS=humongous(starts), HC=humongous(continues), CS=collection set, F=free, OA=open archive, CA=closed archive, TAMS=top-at-mark-start (previous, next)
|   0|0x0000000081e00000, 0x0000000081e2ea00, 0x0000000081f00000| 18%| O|  |TAMS 0x0000000081e00000, 0x0000000081e00000| Untracked 
|   1|0x0000000081f00000, 0x0000000081f00000, 0x0000000082000000|  0%| F|  |TAMS 0x0000000081f00000, 0x0000000081f00000| Untracked 
|   2|0x0000000082000000, 0x0000000082000000, 0x0000000082100000|  0%| F|  |TAMS 0x0000000082000000, 0x0000000082000000| Untracked 
|   3|0x0000000082100000, 0x0000000082100000, 0x0000000082200000|  0%| F|  |TAMS 0x0000000082100000, 0x0000000082100000| Untracked 
|   4|0x0000000082200000, 0x0000000082200000, 0x0000000082300000|  0%| F|  |TAMS 0x0000000082200000, 0x0000000082200000| Untracked 
|   5|0x0000000082300000, 0x0000000082300000, 0x0000000082400000|  0%| F|  |TAMS 0x0000000082300000, 0x0000000082300000| Untracked 
|   6|0x0000000082400000, 0x0000000082400000, 0x0000000082500000|  0%| F|  |TAMS 0x0000000082400000, 0x0000000082400000| Untracked 
|   7|0x0000000082500000, 0x0000000082500000, 0x0000000082600000|  0%| F|  |TAMS 0x0000000082500000, 0x0000000082500000| Untracked 
|   8|0x0000000082600000, 0x0000000082600000, 0x0000000082700000|  0%| F|  |TAMS 0x0000000082600000, 0x0000000082600000| Untracked 
|   9|0x0000000082700000, 0x0000000082700000, 0x0000000082800000|  0%| F|  |TAMS 0x0000000082700000, 0x0000000082700000| Untracked 
|  10|0x0000000082800000, 0x0000000082800000, 0x0000000082900000|  0%| F|  |TAMS 0x0000000082800000, 0x0000000082800000| Untracked 
|  11|0x0000000082900000, 0x0000000082900000, 0x0000000082a00000|  0%| F|  |TAMS 0x0000000082900000, 0x0000000082900000| Untracked 
|  12|0x0000000082a00000, 0x0000000082a00000, 0x0000000082b00000|  0%| F|  |TAMS 0x0000000082a00000, 0x0000000082a00000| Untracked 
|  13|0x0000000082b00000, 0x0000000082b00000, 0x0000000082c00000|  0%| F|  |TAMS 0x0000000082b00000, 0x0000000082b00000| Untracked 
|  14|0x0000000082c00000, 0x0000000082c00000, 0x0000000082d00000|  0%| F|  |TAMS 0x0000000082c00000, 0x0000000082c00000| Untracked 
|  15|0x0000000082d00000, 0x0000000082d00000, 0x0000000082e00000|  0%| F|  |TAMS 0x0000000082d00000, 0x0000000082d00000| Untracked 
|  16|0x0000000082e00000, 0x0000000082e00000, 0x0000000082f00000|  0%| F|  |TAMS 0x0000000082e00000, 0x0000000082e00000| Untracked 
|  17|0x0000000082f00000, 0x0000000082f00000, 0x0000000083000000|  0%| F|  |TAMS 0x0000000082f00000, 0x0000000082f00000| Untracked 
|  18|0x0000000083000000, 0x0000000083000000, 0x0000000083100000|  0%| F|  |TAMS 0x0000000083000000, 0x0000000083000000| Untracked 
|  19|0x0000000083100000, 0x0000000083100000, 0x0000000083200000|  0%| F|  |TAMS 0x0000000083100000, 0x0000000083100000| Untracked 
|  20|0x0000000083200000, 0x0000000083200000, 0x0000000083300000|  0%| F|  |TAMS 0x0000000083200000, 0x0000000083200000| Untracked 
|  21|0x0000000083300000, 0x0000000083300000, 0x0000000083400000|  0%| F|  |TAMS 0x0000000083300000, 0x0000000083300000| Untracked 
|  22|0x0000000083400000, 0x0000000083400000, 0x0000000083500000|  0%| F|  |TAMS 0x0000000083400000, 0x0000000083400000| Untracked 
|  23|0x0000000083500000, 0x0000000083500000, 0x0000000083600000|  0%| F|  |TAMS 0x0000000083500000, 0x0000000083500000| Untracked 
|  24|0x0000000083600000, 0x0000000083600000, 0x0000000083700000|  0%| F|  |TAMS 0x0000000083600000, 0x0000000083600000| Untracked 
|  25|0x0000000083700000, 0x0000000083700000, 0x0000000083800000|  0%| F|  |TAMS 0x0000000083700000, 0x0000000083700000| Untracked 
|  26|0x0000000083800000, 0x0000000083800000, 0x0000000083900000|  0%| F|  |TAMS 0x0000000083800000, 0x0000000083800000| Untracked 
|  27|0x0000000083900000, 0x0000000083900000, 0x0000000083a00000|  0%| F|  |TAMS 0x0000000083900000, 0x0000000083900000| Untracked 
|  28|0x0000000083a00000, 0x0000000083a00000, 0x0000000083b00000|  0%| F|  |TAMS 0x0000000083a00000, 0x0000000083a00000| Untracked 
|  29|0x0000000083b00000, 0x0000000083b00000, 0x0000000083c00000|  0%| F|  |TAMS 0x0000000083b00000, 0x0000000083b00000| Untracked 
|  30|0x0000000083c00000, 0x0000000083c00000, 0x0000000083d00000|  0%| F|  |TAMS 0x0000000083c00000, 0x0000000083c00000| Untracked 
|  31|0x0000000083d00000, 0x0000000083d00000, 0x0000000083e00000|  0%| F|  |TAMS 0x0000000083d00000, 0x0000000083d00000| Untracked 
|  32|0x0000000083e00000, 0x0000000083e00000, 0x0000000083f00000|  0%| F|  |TAMS 0x0000000083e00000, 0x0000000083e00000| Untracked 
|  33|0x0000000083f00000, 0x0000000083f00000, 0x0000000084000000|  0%| F|  |TAMS 0x0000000083f00000, 0x0000000083f00000| Untracked 
|  34|0x0000000084000000, 0x0000000084000000, 0x0000000084100000|  0%| F|  |TAMS 0x0000000084000000, 0x0000000084000000| Untracked 
|  35|0x0000000084100000, 0x0000000084100000, 0x0000000084200000|  0%| F|  |TAMS 0x0000000084100000, 0x0000000084100000| Untracked 
|  36|0x0000000084200000, 0x0000000084200000, 0x0000000084300000|  0%| F|  |TAMS 0x0000000084200000, 0x0000000084200000| Untracked 
|  37|0x0000000084300000, 0x0000000084300000, 0x0000000084400000|  0%| F|  |TAMS 0x0000000084300000, 0x0000000084300000| Untracked 
|  38|0x0000000084400000, 0x0000000084400000, 0x0000000084500000|  0%| F|  |TAMS 0x0000000084400000, 0x0000000084400000| Untracked 
|  39|0x0000000084500000, 0x0000000084500000, 0x0000000084600000|  0%| F|  |TAMS 0x0000000084500000, 0x0000000084500000| Untracked 
|  40|0x0000000084600000, 0x0000000084600000, 0x0000000084700000|  0%| F|  |TAMS 0x0000000084600000, 0x0000000084600000| Untracked 
|  41|0x0000000084700000, 0x0000000084700000, 0x0000000084800000|  0%| F|  |TAMS 0x0000000084700000, 0x0000000084700000| Untracked 
|  42|0x0000000084800000, 0x0000000084800000, 0x0000000084900000|  0%| F|  |TAMS 0x0000000084800000, 0x0000000084800000| Untracked 
|  43|0x0000000084900000, 0x0000000084900000, 0x0000000084a00000|  0%| F|  |TAMS 0x0000000084900000, 0x0000000084900000| Untracked 
|  44|0x0000000084a00000, 0x0000000084a00000, 0x0000000084b00000|  0%| F|  |TAMS 0x0000000084a00000, 0x0000000084a00000| Untracked 
|  45|0x0000000084b00000, 0x0000000084b00000, 0x0000000084c00000|  0%| F|  |TAMS 0x0000000084b00000, 0x0000000084b00000| Untracked 
|  46|0x0000000084c00000, 0x0000000084c00000, 0x0000000084d00000|  0%| F|  |TAMS 0x0000000084c00000, 0x0000000084c00000| Untracked 
|  47|0x0000000084d00000, 0x0000000084d00000, 0x0000000084e00000|  0%| F|  |TAMS 0x0000000084d00000, 0x0000000084d00000| Untracked 
|  48|0x0000000084e00000, 0x0000000084e00000, 0x0000000084f00000|  0%| F|  |TAMS 0x0000000084e00000, 0x0000000084e00000| Untracked 
|  49|0x0000000084f00000, 0x0000000084f00000, 0x0000000085000000|  0%| F|  |TAMS 0x0000000084f00000, 0x0000000084f00000| Untracked 
|  50|0x0000000085000000, 0x0000000085000000, 0x0000000085100000|  0%| F|  |TAMS 0x0000000085000000, 0x0000000085000000| Untracked 
|  51|0x0000000085100000, 0x0000000085100000, 0x0000000085200000|  0%| F|  |TAMS 0x0000000085100000, 0x0000000085100000| Untracked 
|  52|0x0000000085200000, 0x0000000085200000, 0x0000000085300000|  0%| F|  |TAMS 0x0000000085200000, 0x0000000085200000| Untracked 
|  53|0x0000000085300000, 0x0000000085300000, 0x0000000085400000|  0%| F|  |TAMS 0x0000000085300000, 0x0000000085300000| Untracked 
|  54|0x0000000085400000, 0x0000000085400000, 0x0000000085500000|  0%| F|  |TAMS 0x0000000085400000, 0x0000000085400000| Untracked 
|  55|0x0000000085500000, 0x0000000085500000, 0x0000000085600000|  0%| F|  |TAMS 0x0000000085500000, 0x0000000085500000| Untracked 
|  56|0x0000000085600000, 0x0000000085600000, 0x0000000085700000|  0%| F|  |TAMS 0x0000000085600000, 0x0000000085600000| Untracked 
|  57|0x0000000085700000, 0x0000000085700000, 0x0000000085800000|  0%| F|  |TAMS 0x0000000085700000, 0x0000000085700000| Untracked 
|  58|0x0000000085800000, 0x0000000085800000, 0x0000000085900000|  0%| F|  |TAMS 0x0000000085800000, 0x0000000085800000| Untracked 
|  59|0x0000000085900000, 0x0000000085900000, 0x0000000085a00000|  0%| F|  |TAMS 0x0000000085900000, 0x0000000085900000| Untracked 
|  60|0x0000000085a00000, 0x0000000085a00000, 0x0000000085b00000|  0%| F|  |TAMS 0x0000000085a00000, 0x0000000085a00000| Untracked 
|  61|0x0000000085b00000, 0x0000000085b00000, 0x0000000085c00000|  0%| F|  |TAMS 0x0000000085b00000, 0x0000000085b00000| Untracked 
|  62|0x0000000085c00000, 0x0000000085c00000, 0x0000000085d00000|  0%| F|  |TAMS 0x0000000085c00000, 0x0000000085c00000| Untracked 
|  63|0x0000000085d00000, 0x0000000085d00000, 0x0000000085e00000|  0%| F|  |TAMS 0x0000000085d00000, 0x0000000085d00000| Untracked 
|  64|0x0000000085e00000, 0x0000000085e00000, 0x0000000085f00000|  0%| F|  |TAMS 0x0000000085e00000, 0x0000000085e00000| Untracked 
|  65|0x0000000085f00000, 0x0000000085f00000, 0x0000000086000000|  0%| F|  |TAMS 0x0000000085f00000, 0x0000000085f00000| Untracked 
|  66|0x0000000086000000, 0x0000000086000000, 0x0000000086100000|  0%| F|  |TAMS 0x0000000086000000, 0x0000000086000000| Untracked 
|  67|0x0000000086100000, 0x0000000086100000, 0x0000000086200000|  0%| F|  |TAMS 0x0000000086100000, 0x0000000086100000| Untracked 
|  68|0x0000000086200000, 0x0000000086200000, 0x0000000086300000|  0%| F|  |TAMS 0x0000000086200000, 0x0000000086200000| Untracked 
|  69|0x0000000086300000, 0x0000000086300000, 0x0000000086400000|  0%| F|  |TAMS 0x0000000086300000, 0x0000000086300000| Untracked 
|  70|0x0000000086400000, 0x0000000086400000, 0x0000000086500000|  0%| F|  |TAMS 0x0000000086400000, 0x0000000086400000| Untracked 
|  71|0x0000000086500000, 0x0000000086500000, 0x0000000086600000|  0%| F|  |TAMS 0x0000000086500000, 0x0000000086500000| Untracked 
|  72|0x0000000086600000, 0x0000000086600000, 0x0000000086700000|  0%| F|  |TAMS 0x0000000086600000, 0x0000000086600000| Untracked 
|  73|0x0000000086700000, 0x0000000086700000, 0x0000000086800000|  0%| F|  |TAMS 0x0000000086700000, 0x0000000086700000| Untracked 
|  74|0x0000000086800000, 0x0000000086800000, 0x0000000086900000|  0%| F|  |TAMS 0x0000000086800000, 0x0000000086800000| Untracked 
|  75|0x0000000086900000, 0x0000000086900000, 0x0000000086a00000|  0%| F|  |TAMS 0x0000000086900000, 0x0000000086900000| Untracked 
|  76|0x0000000086a00000, 0x0000000086a00000, 0x0000000086b00000|  0%| F|  |TAMS 0x0000000086a00000, 0x0000000086a00000| Untracked 
|  77|0x0000000086b00000, 0x0000000086b00000, 0x0000000086c00000|  0%| F|  |TAMS 0x0000000086b00000, 0x0000000086b00000| Untracked 
|  78|0x0000000086c00000, 0x0000000086c00000, 0x0000000086d00000|  0%| F|  |TAMS 0x0000000086c00000, 0x0000000086c00000| Untracked 
|  79|0x0000000086d00000, 0x0000000086d00000, 0x0000000086e00000|  0%| F|  |TAMS 0x0000000086d00000, 0x0000000086d00000| Untracked 
|  80|0x0000000086e00000, 0x0000000086e00000, 0x0000000086f00000|  0%| F|  |TAMS 0x0000000086e00000, 0x0000000086e00000| Untracked 
|  81|0x0000000086f00000, 0x0000000086f00000, 0x0000000087000000|  0%| F|  |TAMS 0x0000000086f00000, 0x0000000086f00000| Untracked 
|  82|0x0000000087000000, 0x0000000087000000, 0x0000000087100000|  0%| F|  |TAMS 0x0000000087000000, 0x0000000087000000| Untracked 
|  83|0x0000000087100000, 0x0000000087100000, 0x0000000087200000|  0%| F|  |TAMS 0x0000000087100000, 0x0000000087100000| Untracked 
|  84|0x0000000087200000, 0x0000000087200000, 0x0000000087300000|  0%| F|  |TAMS 0x0000000087200000, 0x0000000087200000| Untracked 
|  85|0x0000000087300000, 0x0000000087300000, 0x0000000087400000|  0%| F|  |TAMS 0x0000000087300000, 0x0000000087300000| Untracked 
|  86|0x0000000087400000, 0x0000000087400000, 0x0000000087500000|  0%| F|  |TAMS 0x0000000087400000, 0x0000000087400000| Untracked 
|  87|0x0000000087500000, 0x0000000087500000, 0x0000000087600000|  0%| F|  |TAMS 0x0000000087500000, 0x0000000087500000| Untracked 
|  88|0x0000000087600000, 0x0000000087600000, 0x0000000087700000|  0%| F|  |TAMS 0x0000000087600000, 0x0000000087600000| Untracked 
|  89|0x0000000087700000, 0x0000000087700000, 0x0000000087800000|  0%| F|  |TAMS 0x0000000087700000, 0x0000000087700000| Untracked 
|  90|0x0000000087800000, 0x0000000087800000, 0x0000000087900000|  0%| F|  |TAMS 0x0000000087800000, 0x0000000087800000| Untracked 
|  91|0x0000000087900000, 0x0000000087900000, 0x0000000087a00000|  0%| F|  |TAMS 0x0000000087900000, 0x0000000087900000| Untracked 
|  92|0x0000000087a00000, 0x0000000087a00000, 0x0000000087b00000|  0%| F|  |TAMS 0x0000000087a00000, 0x0000000087a00000| Untracked 
|  93|0x0000000087b00000, 0x0000000087b00000, 0x0000000087c00000|  0%| F|  |TAMS 0x0000000087b00000, 0x0000000087b00000| Untracked 
|  94|0x0000000087c00000, 0x0000000087c00000, 0x0000000087d00000|  0%| F|  |TAMS 0x0000000087c00000, 0x0000000087c00000| Untracked 
|  95|0x0000000087d00000, 0x0000000087d00000, 0x0000000087e00000|  0%| F|  |TAMS 0x0000000087d00000, 0x0000000087d00000| Untracked 
|  96|0x0000000087e00000, 0x0000000087e00000, 0x0000000087f00000|  0%| F|  |TAMS 0x0000000087e00000, 0x0000000087e00000| Untracked 
|  97|0x0000000087f00000, 0x0000000087f00000, 0x0000000088000000|  0%| F|  |TAMS 0x0000000087f00000, 0x0000000087f00000| Untracked 
|  98|0x0000000088000000, 0x0000000088000000, 0x0000000088100000|  0%| F|  |TAMS 0x0000000088000000, 0x0000000088000000| Untracked 
|  99|0x0000000088100000, 0x0000000088100000, 0x0000000088200000|  0%| F|  |TAMS 0x0000000088100000, 0x0000000088100000| Untracked 
| 100|0x0000000088200000, 0x0000000088200000, 0x0000000088300000|  0%| F|  |TAMS 0x0000000088200000, 0x0000000088200000| Untracked 
| 101|0x0000000088300000, 0x0000000088300000, 0x0000000088400000|  0%| F|  |TAMS 0x0000000088300000, 0x0000000088300000| Untracked 
| 102|0x0000000088400000, 0x0000000088400000, 0x0000000088500000|  0%| F|  |TAMS 0x0000000088400000, 0x0000000088400000| Untracked 
| 103|0x0000000088500000, 0x0000000088500000, 0x0000000088600000|  0%| F|  |TAMS 0x0000000088500000, 0x0000000088500000| Untracked 
| 104|0x0000000088600000, 0x0000000088600000, 0x0000000088700000|  0%| F|  |TAMS 0x0000000088600000, 0x0000000088600000| Untracked 
| 105|0x0000000088700000, 0x0000000088700000, 0x0000000088800000|  0%| F|  |TAMS 0x0000000088700000, 0x0000000088700000| Untracked 
| 106|0x0000000088800000, 0x0000000088800000, 0x0000000088900000|  0%| F|  |TAMS 0x0000000088800000, 0x0000000088800000| Untracked 
| 107|0x0000000088900000, 0x0000000088900000, 0x0000000088a00000|  0%| F|  |TAMS 0x0000000088900000, 0x0000000088900000| Untracked 
| 108|0x0000000088a00000, 0x0000000088a00000, 0x0000000088b00000|  0%| F|  |TAMS 0x0000000088a00000, 0x0000000088a00000| Untracked 
| 109|0x0000000088b00000, 0x0000000088b00000, 0x0000000088c00000|  0%| F|  |TAMS 0x0000000088b00000, 0x0000000088b00000| Untracked 
| 110|0x0000000088c00000, 0x0000000088c00000, 0x0000000088d00000|  0%| F|  |TAMS 0x0000000088c00000, 0x0000000088c00000| Untracked 
| 111|0x0000000088d00000, 0x0000000088d00000, 0x0000000088e00000|  0%| F|  |TAMS 0x0000000088d00000, 0x0000000088d00000| Untracked 
| 112|0x0000000088e00000, 0x0000000088e00000, 0x0000000088f00000|  0%| F|  |TAMS 0x0000000088e00000, 0x0000000088e00000| Untracked 
| 113|0x0000000088f00000, 0x0000000089000000, 0x0000000089000000|100%| S|CS|TAMS 0x0000000088f00000, 0x0000000088f00000| Complete 
| 114|0x0000000089000000, 0x0000000089100000, 0x0000000089100000|100%| S|CS|TAMS 0x0000000089000000, 0x0000000089000000| Complete 
| 115|0x0000000089100000, 0x0000000089100000, 0x0000000089200000|  0%| F|  |TAMS 0x0000000089100000, 0x0000000089100000| Untracked 
| 116|0x0000000089200000, 0x0000000089200000, 0x0000000089300000|  0%| F|  |TAMS 0x0000000089200000, 0x0000000089200000| Untracked 
| 117|0x0000000089300000, 0x0000000089300000, 0x0000000089400000|  0%| F|  |TAMS 0x0000000089300000, 0x0000000089300000| Untracked 
| 118|0x0000000089400000, 0x0000000089400000, 0x0000000089500000|  0%| F|  |TAMS 0x0000000089400000, 0x0000000089400000| Untracked 
| 119|0x0000000089500000, 0x0000000089500000, 0x0000000089600000|  0%| F|  |TAMS 0x0000000089500000, 0x0000000089500000| Untracked 
| 120|0x0000000089600000, 0x0000000089600000, 0x0000000089700000|  0%| F|  |TAMS 0x0000000089600000, 0x0000000089600000| Untracked 
| 121|0x0000000089700000, 0x0000000089700000, 0x0000000089800000|  0%| F|  |TAMS 0x0000000089700000, 0x0000000089700000| Untracked 
| 122|0x0000000089800000, 0x0000000089800000, 0x0000000089900000|  0%| F|  |TAMS 0x0000000089800000, 0x0000000089800000| Untracked 
| 123|0x0000000089900000, 0x0000000089900000, 0x0000000089a00000|  0%| F|  |TAMS 0x0000000089900000, 0x0000000089900000| Untracked 
| 124|0x0000000089a00000, 0x0000000089a00000, 0x0000000089b00000|  0%| F|  |TAMS 0x0000000089a00000, 0x0000000089a00000| Untracked 
| 125|0x0000000089b00000, 0x0000000089b516f8, 0x0000000089c00000| 31%| E|  |TAMS 0x0000000089b00000, 0x0000000089b00000| Complete 
| 126|0x0000000089c00000, 0x0000000089d00000, 0x0000000089d00000|100%| E|CS|TAMS 0x0000000089c00000, 0x0000000089c00000| Complete 
| 127|0x0000000089d00000, 0x0000000089e00000, 0x0000000089e00000|100%| E|CS|TAMS 0x0000000089d00000, 0x0000000089d00000| Complete 

Card table byte_map: [0x0000026f65b80000,0x0000026f65f80000] _byte_map_base: 0x0000026f65771000

Marking Bits (Prev, Next): (CMBitMap*) 0x0000026f4c778770, (CMBitMap*) 0x0000026f4c7787b0
 Prev Bits: [0x0000026f66380000, 0x0000026f68308000)
 Next Bits: [0x0000026f68310000, 0x0000026f6a298000)

Polling page: 0x0000026f4c800000

Metaspace:

Usage:
  Non-class:      7.99 MB capacity,     5.59 MB ( 70%) used,     2.39 MB ( 30%) free+waste,     6.94 KB ( <1%) overhead. 
      Class:    608.00 KB capacity,   350.75 KB ( 58%) used,   255.13 KB ( 42%) free+waste,     2.13 KB ( <1%) overhead. 
       Both:      8.58 MB capacity,     5.93 MB ( 69%) used,     2.64 MB ( 31%) free+waste,     9.06 KB ( <1%) overhead. 

Virtual space:
  Non-class space:       10.00 MB reserved,       8.25 MB ( 83%) committed 
      Class space:        1.00 GB reserved,     640.00 KB ( <1%) committed 
             Both:        1.01 GB reserved,       8.88 MB ( <1%) committed 

Chunk freelists:
   Non-Class:  75.00 KB
       Class:  0 bytes
        Both:  75.00 KB

MaxMetaspaceSize: 17179869184.00 GB
CompressedClassSpaceSize: 1.00 GB

CodeHeap 'non-profiled nmethods': size=120000Kb used=265Kb max_used=265Kb free=119734Kb
 bounds [0x0000026f5dc20000, 0x0000026f5de90000, 0x0000026f65150000]
CodeHeap 'profiled nmethods': size=120000Kb used=1528Kb max_used=1528Kb free=118471Kb
 bounds [0x0000026f566f0000, 0x0000026f56960000, 0x0000026f5dc20000]
CodeHeap 'non-nmethods': size=5760Kb used=1695Kb max_used=1714Kb free=4064Kb
 bounds [0x0000026f56150000, 0x0000026f563c0000, 0x0000026f566f0000]
 total_blobs=2016 nmethods=899 adapters=1030
 compilation: enabled
              stopped_count=0, restarted_count=0
 full_count=0

Compilation events (20 events):
Event: 0.951 Thread 0x0000026f6c8ead10 nmethod 890 0x0000026f56868d10 code [0x0000026f56868ec0, 0x0000026f568690a8]
Event: 0.951 Thread 0x0000026f6c8ead10  891       3       java.lang.invoke.MethodType::erase (8 bytes)
Event: 0.951 Thread 0x0000026f6c8ead10 nmethod 891 0x0000026f56869190 code [0x0000026f56869320, 0x0000026f56869438]
Event: 0.952 Thread 0x0000026f6c8ead10  892       3       java.lang.invoke.MemberName::isCallerSensitive (8 bytes)
Event: 0.953 Thread 0x0000026f6c8ead10 nmethod 892 0x0000026f56869510 code [0x0000026f568696c0, 0x0000026f568698f8]
Event: 0.954 Thread 0x0000026f6c8e7150 nmethod 871 0x0000026f5dc5d890 code [0x0000026f5dc5da60, 0x0000026f5dc5e4d8]
Event: 0.954 Thread 0x0000026f6c8e7150  888       4       java.lang.invoke.MethodType::parameterType (7 bytes)
Event: 0.954 Thread 0x0000026f6c8e7150 nmethod 888 0x0000026f5dc5ed90 code [0x0000026f5dc5ef00, 0x0000026f5dc5ef98]
Event: 0.954 Thread 0x0000026f6c8ead10  893       3       java.lang.ClassLoader::checkPackageAccess (102 bytes)
Event: 0.956 Thread 0x0000026f6c8ead10 nmethod 893 0x0000026f56869a10 code [0x0000026f56869d00, 0x0000026f5686abd8]
Event: 0.956 Thread 0x0000026f6c8ead10  894       3       jdk.internal.loader.BuiltinClassLoader::isSealed (71 bytes)
Event: 0.958 Thread 0x0000026f6c8e7150  897       4       sun.misc.Unsafe::putByte (9 bytes)
Event: 0.958 Thread 0x0000026f6c8ead10 nmethod 894 0x0000026f5686b210 code [0x0000026f5686b600, 0x0000026f5686cfd8]
Event: 0.958 Thread 0x0000026f6c8ead10  895       3       jdk.internal.loader.NativeLibraries$NativeLibraryImpl::find (6 bytes)
Event: 0.958 Thread 0x0000026f6c8e7150 nmethod 897 0x0000026f5dc5f510 code [0x0000026f5dc5f680, 0x0000026f5dc5f6f8]
Event: 0.958 Thread 0x0000026f6c8ead10 nmethod 895 0x0000026f5686da10 code [0x0000026f5686dbc0, 0x0000026f5686dce8]
Event: 0.962 Thread 0x0000026f6c8e7150  898       4       sun.misc.Unsafe::putLong (11 bytes)
Event: 0.963 Thread 0x0000026f6c8e7150 nmethod 898 0x0000026f5dc5f810 code [0x0000026f5dc5f980, 0x0000026f5dc5f9f8]
Event: 0.965 Thread 0x0000026f6c8ead10  899       3       Atlas.atlas.math.Mat4f::get (9 bytes)
Event: 0.965 Thread 0x0000026f6c8ead10 nmethod 899 0x0000026f5686dd90 code [0x0000026f5686df20, 0x0000026f5686e078]

GC Heap History (2 events):
Event: 0.858 GC heap before
{Heap before GC invocations=0 (full 0):
 garbage-first heap   total 131072K, used 12288K [0x0000000081e00000, 0x0000000100000000)
  region size 1024K, 13 young (13312K), 0 survivors (0K)
 Metaspace       used 5097K, capacity 7913K, committed 8064K, reserved 1056768K
  class space    used 293K, capacity 572K, committed 640K, reserved 1048576K
}
Event: 0.862 GC heap after
{Heap after GC invocations=1 (full 0):
 garbage-first heap   total 131072K, used 2234K [0x0000000081e00000, 0x0000000100000000)
  region size 1024K, 2 young (2048K), 2 survivors (2048K)
 Metaspace       used 5097K, capacity 7913K, committed 8064K, reserved 1056768K
  class space    used 293K, capacity 572K, committed 640K, reserved 1048576K
}

Deoptimization events (20 events):
Event: 0.211 Thread 0x0000026f4c737e50 DEOPT PACKING pc=0x0000026f5dc22f10 sp=0x000000a8933fec10
Event: 0.211 Thread 0x0000026f4c737e50 DEOPT UNPACKING pc=0x0000026f5619e42f sp=0x000000a8933feb50 mode 2
Event: 0.400 Thread 0x0000026f4c737e50 Uncommon trap: trap_request=0xffffff45 fr.pc=0x0000026f5dc3c160 relative=0x0000000000000060
Event: 0.400 Thread 0x0000026f4c737e50 Uncommon trap: reason=unstable_if action=reinterpret pc=0x0000026f5dc3c160 method=java.io.WinNTFileSystem.isSlash(C)Z @ 9 c2
Event: 0.400 Thread 0x0000026f4c737e50 DEOPT PACKING pc=0x0000026f5dc3c160 sp=0x000000a8933fc720
Event: 0.400 Thread 0x0000026f4c737e50 DEOPT UNPACKING pc=0x0000026f5619e42f sp=0x000000a8933fc6a8 mode 2
Event: 0.473 Thread 0x0000026f4c737e50 Uncommon trap: trap_request=0xffffff45 fr.pc=0x0000026f5dc213d8 relative=0x0000000000000058
Event: 0.473 Thread 0x0000026f4c737e50 Uncommon trap: reason=unstable_if action=reinterpret pc=0x0000026f5dc213d8 method=java.lang.String.isLatin1()Z @ 10 c2
Event: 0.473 Thread 0x0000026f4c737e50 DEOPT PACKING pc=0x0000026f5dc213d8 sp=0x000000a8933fd3e0
Event: 0.473 Thread 0x0000026f4c737e50 DEOPT UNPACKING pc=0x0000026f5619e42f sp=0x000000a8933fd370 mode 2
Event: 0.796 Thread 0x0000026f4c737e50 DEOPT PACKING pc=0x0000026f5674733d sp=0x000000a8933fd6e0
Event: 0.796 Thread 0x0000026f4c737e50 DEOPT UNPACKING pc=0x0000026f5619e23f sp=0x000000a8933fcb30 mode 0
Event: 0.827 Thread 0x0000026f4c737e50 Uncommon trap: trap_request=0xffffff54 fr.pc=0x0000026f5dc4fb60 relative=0x0000000000000060
Event: 0.827 Thread 0x0000026f4c737e50 Uncommon trap: reason=speculate_null_assert action=make_not_entrant pc=0x0000026f5dc4fb60 method=sun.misc.Unsafe.putLong(Ljava/lang/Object;JJ)V @ 7 c2
Event: 0.827 Thread 0x0000026f4c737e50 DEOPT PACKING pc=0x0000026f5dc4fb60 sp=0x000000a8933fec40
Event: 0.828 Thread 0x0000026f4c737e50 DEOPT UNPACKING pc=0x0000026f5619e42f sp=0x000000a8933febb8 mode 2
Event: 0.872 Thread 0x0000026f4c737e50 Uncommon trap: trap_request=0xffffff45 fr.pc=0x0000026f5dc59eb4 relative=0x0000000000000034
Event: 0.872 Thread 0x0000026f4c737e50 Uncommon trap: reason=unstable_if action=reinterpret pc=0x0000026f5dc59eb4 method=java.lang.reflect.Modifier.isFinal(I)Z @ 4 c2
Event: 0.872 Thread 0x0000026f4c737e50 DEOPT PACKING pc=0x0000026f5dc59eb4 sp=0x000000a8933fdc50
Event: 0.872 Thread 0x0000026f4c737e50 DEOPT UNPACKING pc=0x0000026f5619e42f sp=0x000000a8933fdbe0 mode 2

Classes unloaded (0 events):
No events

Classes redefined (0 events):
No events

Internal exceptions (16 events):
Event: 0.364 Thread 0x0000026f4c737e50 Exception <a 'java/lang/NoSuchMethodError'{0x0000000089afa908}: 'void java.lang.invoke.DirectMethodHandle$Holder.invokeStatic(java.lang.Object, java.lang.Object)'> (0x0000000089afa908) 
thrown [./open/src/hotspot/share/interpreter/linkResolver.cpp, line 782]
Event: 0.365 Thread 0x0000026f4c737e50 Exception <a 'java/lang/NoSuchMethodError'{0x0000000089affae8}: 'void java.lang.invoke.DirectMethodHandle$Holder.invokeSpecial(java.lang.Object, java.lang.Object, java.lang.Object)'> (0x0000000089affae8) 
thrown [./open/src/hotspot/share/interpreter/linkResolver.cpp, line 782]
Event: 0.370 Thread 0x0000026f4c737e50 Exception <a 'java/lang/NoSuchMethodError'{0x0000000089914640}: 'java.lang.Object java.lang.invoke.DirectMethodHandle$Holder.invokeStatic(java.lang.Object, java.lang.Object, int)'> (0x0000000089914640) 
thrown [./open/src/hotspot/share/interpreter/linkResolver.cpp, line 782]
Event: 0.372 Thread 0x0000026f4c737e50 Exception <a 'java/lang/NoSuchMethodError'{0x0000000089920788}: 'void java.lang.invoke.DelegatingMethodHandle$Holder.delegate(java.lang.Object, java.lang.Object, int, java.lang.Object)'> (0x0000000089920788) 
thrown [./open/src/hotspot/share/interpreter/linkResolver.cpp, line 782]
Event: 0.373 Thread 0x0000026f4c737e50 Exception <a 'java/lang/NoSuchMethodError'{0x00000000899248d8}: 'int java.lang.invoke.DirectMethodHandle$Holder.invokeSpecial(java.lang.Object, java.lang.Object, java.lang.Object)'> (0x00000000899248d8) 
thrown [./open/src/hotspot/share/interpreter/linkResolver.cpp, line 782]
Event: 0.448 Thread 0x0000026f4c737e50 Exception <a 'sun/nio/fs/WindowsException'{0x00000000899c5168}> (0x00000000899c5168) 
thrown [./open/src/hotspot/share/prims/jni.cpp, line 578]
Event: 0.448 Thread 0x0000026f4c737e50 Exception <a 'sun/nio/fs/WindowsException'{0x00000000899c56c0}> (0x00000000899c56c0) 
thrown [./open/src/hotspot/share/prims/jni.cpp, line 578]
Event: 0.494 Thread 0x0000026f4c737e50 Exception <a 'sun/nio/fs/WindowsException'{0x0000000089885b90}> (0x0000000089885b90) 
thrown [./open/src/hotspot/share/prims/jni.cpp, line 578]
Event: 0.494 Thread 0x0000026f4c737e50 Exception <a 'sun/nio/fs/WindowsException'{0x0000000089885f00}> (0x0000000089885f00) 
thrown [./open/src/hotspot/share/prims/jni.cpp, line 578]
Event: 0.502 Thread 0x0000026f4c737e50 Exception <a 'java/lang/NoSuchMethodError'{0x00000000898bf898}: 'java.lang.Object java.lang.invoke.DirectMethodHandle$Holder.invokeStatic(java.lang.Object)'> (0x00000000898bf898) 
thrown [./open/src/hotspot/share/interpreter/linkResolver.cpp, line 782]
Event: 0.503 Thread 0x0000026f4c737e50 Exception <a 'java/lang/NoSuchMethodError'{0x00000000898c2f08}: 'java.lang.Object java.lang.invoke.DirectMethodHandle$Holder.invokeStaticInit(java.lang.Object)'> (0x00000000898c2f08) 
thrown [./open/src/hotspot/share/interpreter/linkResolver.cpp, line 782]
Event: 0.633 Thread 0x0000026f4c737e50 Exception <a 'sun/nio/fs/WindowsException'{0x0000000089789188}> (0x0000000089789188) 
thrown [./open/src/hotspot/share/prims/jni.cpp, line 578]
Event: 0.633 Thread 0x0000026f4c737e50 Exception <a 'sun/nio/fs/WindowsException'{0x0000000089789538}> (0x0000000089789538) 
thrown [./open/src/hotspot/share/prims/jni.cpp, line 578]
Event: 0.639 Thread 0x0000026f4c737e50 Exception <a 'sun/nio/fs/WindowsException'{0x0000000089797c50}> (0x0000000089797c50) 
thrown [./open/src/hotspot/share/prims/jni.cpp, line 578]
Event: 0.639 Thread 0x0000026f4c737e50 Exception <a 'sun/nio/fs/WindowsException'{0x0000000089797f38}> (0x0000000089797f38) 
thrown [./open/src/hotspot/share/prims/jni.cpp, line 578]
Event: 0.894 Thread 0x0000026f4c737e50 Exception <a 'sun/nio/fs/WindowsException'{0x0000000089c7e268}> (0x0000000089c7e268) 
thrown [./open/src/hotspot/share/prims/jni.cpp, line 578]

Events (20 events):
Event: 0.686 Thread 0x0000026f6c8eb730 Thread added: 0x0000026f6c8eb730
Event: 0.691 Loaded shared library C:\Users\larsb\AppData\Local\Temp\lwjgllarsb\3.2.3-build-13\lwjgl.dll
Event: 0.701 Loaded shared library C:\Users\larsb\AppData\Local\Temp\lwjgllarsb\3.2.3-build-13\lwjgl.dll
Event: 0.828 loading class jdk/internal/reflect/UnsafeQualifiedLongFieldAccessorImpl
Event: 0.828 loading class jdk/internal/reflect/UnsafeQualifiedFieldAccessorImpl
Event: 0.828 loading class jdk/internal/reflect/UnsafeQualifiedFieldAccessorImpl done
Event: 0.828 loading class jdk/internal/reflect/UnsafeQualifiedLongFieldAccessorImpl done
Event: 0.858 Executing VM operation: G1CollectForAllocation
Event: 0.862 Executing VM operation: G1CollectForAllocation done
Event: 0.862 Executing VM operation: HandshakeAllThreads
Event: 0.862 Executing VM operation: HandshakeAllThreads done
Event: 0.870 loading class java/io/FileReader
Event: 0.870 loading class java/io/FileReader done
Event: 0.891 loading class java/io/UncheckedIOException
Event: 0.891 loading class java/io/UncheckedIOException done
Event: 0.894 loading class java/nio/file/StandardCopyOption
Event: 0.894 loading class java/nio/file/StandardCopyOption done
Event: 0.933 Loaded shared library C:\Users\larsb\AppData\Local\Temp\imgui-java-natives_1615730054154\imgui-java64.dll
Event: 0.963 loading class java/util/Vector$Itr
Event: 0.963 loading class java/util/Vector$Itr done


Dynamic libraries:
0x00007ff608a90000 - 0x00007ff608a9f000 	C:\Program Files\Java\jdk-15.0.2\bin\javaw.exe
0x00007ffb8be20000 - 0x00007ffb8c010000 	C:\Windows\SYSTEM32\ntdll.dll
0x00007ffb8bbb0000 - 0x00007ffb8bc62000 	C:\Windows\System32\KERNEL32.DLL
0x00007ffb89670000 - 0x00007ffb89915000 	C:\Windows\System32\KERNELBASE.dll
0x00007ffb89570000 - 0x00007ffb8966a000 	C:\Windows\System32\ucrtbase.dll
0x00007ffb79ec0000 - 0x00007ffb79ed8000 	C:\Program Files\Java\jdk-15.0.2\bin\jli.dll
0x00007ffb8a580000 - 0x00007ffb8a623000 	C:\Windows\System32\ADVAPI32.dll
0x00007ffb89f40000 - 0x00007ffb89fde000 	C:\Windows\System32\msvcrt.dll
0x00007ffb8bd40000 - 0x00007ffb8bdd7000 	C:\Windows\System32\sechost.dll
0x00007ffb8a380000 - 0x00007ffb8a49f000 	C:\Windows\System32\RPCRT4.dll
0x00007ffb8ac00000 - 0x00007ffb8ad94000 	C:\Windows\System32\USER32.dll
0x00007ffb89920000 - 0x00007ffb89941000 	C:\Windows\System32\win32u.dll
0x00007ffb8a350000 - 0x00007ffb8a376000 	C:\Windows\System32\GDI32.dll
0x00007ffb89c80000 - 0x00007ffb89e18000 	C:\Windows\System32\gdi32full.dll
0x00007ffb89980000 - 0x00007ffb89a1e000 	C:\Windows\System32\msvcp_win.dll
0x00007ffb792f0000 - 0x00007ffb79309000 	C:\Program Files\Java\jdk-15.0.2\bin\VCRUNTIME140.dll
0x00007ffb755c0000 - 0x00007ffb75844000 	C:\Windows\WinSxS\amd64_microsoft.windows.common-controls_6595b64144ccf1df_6.0.18362.1316_none_9e7a364fe461dbd7\COMCTL32.dll
0x00007ffb8a630000 - 0x00007ffb8a967000 	C:\Windows\System32\combase.dll
0x00007ffb89a40000 - 0x00007ffb89ac1000 	C:\Windows\System32\bcryptPrimitives.dll
0x00007ffb7c030000 - 0x00007ffb7c03a000 	C:\Windows\SYSTEM32\VERSION.dll
0x00007ffb8a550000 - 0x00007ffb8a57e000 	C:\Windows\System32\IMM32.DLL
0x00007ffb81e30000 - 0x00007ffb81e3c000 	C:\Program Files\Java\jdk-15.0.2\bin\vcruntime140_1.dll
0x00007ffb6ef20000 - 0x00007ffb6efb1000 	C:\Program Files\Java\jdk-15.0.2\bin\msvcp140.dll
0x00007ffb53850000 - 0x00007ffb543ae000 	C:\Program Files\Java\jdk-15.0.2\bin\server\jvm.dll
0x00007ffb89f30000 - 0x00007ffb89f38000 	C:\Windows\System32\PSAPI.DLL
0x00007ffb78170000 - 0x00007ffb78179000 	C:\Windows\SYSTEM32\WSOCK32.dll
0x00007ffb8a130000 - 0x00007ffb8a19f000 	C:\Windows\System32\WS2_32.dll
0x00007ffb84b50000 - 0x00007ffb84b74000 	C:\Windows\SYSTEM32\WINMM.dll
0x00007ffb84b20000 - 0x00007ffb84b4d000 	C:\Windows\SYSTEM32\WINMMBASE.dll
0x00007ffb88da0000 - 0x00007ffb88dea000 	C:\Windows\System32\cfgmgr32.dll
0x00007ffb88ce0000 - 0x00007ffb88cf1000 	C:\Windows\System32\kernel.appcore.dll
0x00007ffb843a0000 - 0x00007ffb843aa000 	C:\Program Files\Java\jdk-15.0.2\bin\jimage.dll
0x00007ffb7d520000 - 0x00007ffb7d714000 	C:\Windows\SYSTEM32\DBGHELP.DLL
0x00007ffb79c90000 - 0x00007ffb79cba000 	C:\Windows\SYSTEM32\dbgcore.DLL
0x00007ffb78dd0000 - 0x00007ffb78df5000 	C:\Program Files\Java\jdk-15.0.2\bin\java.dll
0x00007ffb8b2e0000 - 0x00007ffb8b9c8000 	C:\Windows\System32\SHELL32.dll
0x00007ffb8bc90000 - 0x00007ffb8bd37000 	C:\Windows\System32\shcore.dll
0x00007ffb88df0000 - 0x00007ffb8956b000 	C:\Windows\System32\windows.storage.dll
0x00007ffb88d00000 - 0x00007ffb88d23000 	C:\Windows\System32\profapi.dll
0x00007ffb88d50000 - 0x00007ffb88d9a000 	C:\Windows\System32\powrprof.dll
0x00007ffb88cd0000 - 0x00007ffb88ce0000 	C:\Windows\System32\UMPDC.dll
0x00007ffb8aba0000 - 0x00007ffb8abf2000 	C:\Windows\System32\shlwapi.dll
0x00007ffb89a20000 - 0x00007ffb89a37000 	C:\Windows\System32\cryptsp.dll
0x00007ffb81ed0000 - 0x00007ffb81ee9000 	C:\Program Files\Java\jdk-15.0.2\bin\net.dll
0x00007ffb864b0000 - 0x00007ffb865a0000 	C:\Windows\SYSTEM32\WINHTTP.dll
0x00007ffb88510000 - 0x00007ffb88577000 	C:\Windows\system32\mswsock.dll
0x00007ffb7a140000 - 0x00007ffb7a152000 	C:\Program Files\Java\jdk-15.0.2\bin\nio.dll
0x00007ffb78db0000 - 0x00007ffb78dc8000 	C:\Program Files\Java\jdk-15.0.2\bin\zip.dll
0x00007ffb70eb0000 - 0x00007ffb70f14000 	C:\Users\larsb\AppData\Local\Temp\lwjgllarsb\3.2.3-build-13\lwjgl.dll
0x00007ffb6eeb0000 - 0x00007ffb6ef12000 	C:\Users\larsb\AppData\Local\Temp\lwjgllarsb\3.2.3-build-13\glfw.dll
0x00007ffb86170000 - 0x00007ffb86209000 	C:\Windows\system32\uxtheme.dll
0x00007ffb6f350000 - 0x00007ffb6f393000 	C:\Windows\SYSTEM32\dinput8.dll
0x00007ffb792d0000 - 0x00007ffb792e1000 	C:\Windows\SYSTEM32\xinput1_4.dll
0x00007ffb88ab0000 - 0x00007ffb88ada000 	C:\Windows\SYSTEM32\DEVOBJ.dll
0x00007ffb86980000 - 0x00007ffb869ad000 	C:\Windows\SYSTEM32\dwmapi.dll
0x00007ffb75e60000 - 0x00007ffb75f7c000 	C:\Windows\SYSTEM32\inputhost.dll
0x00007ffb85ab0000 - 0x00007ffb85b84000 	C:\Windows\SYSTEM32\CoreMessaging.dll
0x00007ffb83170000 - 0x00007ffb8349a000 	C:\Windows\SYSTEM32\CoreUIComponents.dll
0x00007ffb862c0000 - 0x00007ffb863b0000 	C:\Windows\SYSTEM32\PROPSYS.dll
0x00007ffb8aad0000 - 0x00007ffb8ab95000 	C:\Windows\System32\OLEAUT32.dll
0x00007ffb83db0000 - 0x00007ffb83f02000 	C:\Windows\SYSTEM32\wintypes.dll
0x00007ffb87d10000 - 0x00007ffb87d41000 	C:\Windows\SYSTEM32\ntmarta.dll
0x00007ffb89ff0000 - 0x00007ffb8a125000 	C:\Windows\System32\MSCTF.dll
0x00007ffb878b0000 - 0x00007ffb878be000 	C:\Windows\SYSTEM32\HID.DLL
0x00007ffb8ae70000 - 0x00007ffb8b2e0000 	C:\Windows\System32\SETUPAPI.DLL
0x00007ffb89950000 - 0x00007ffb89976000 	C:\Windows\System32\bcrypt.dll
0x00007ffb89ad0000 - 0x00007ffb89b2c000 	C:\Windows\System32\WINTRUST.dll
0x00007ffb88d30000 - 0x00007ffb88d42000 	C:\Windows\System32\MSASN1.dll
0x00007ffb89b30000 - 0x00007ffb89c7a000 	C:\Windows\System32\CRYPT32.dll
0x00007ffb76700000 - 0x00007ffb76856000 	C:\Windows\SYSTEM32\opengl32.dll
0x00007ffb762e0000 - 0x00007ffb7630c000 	C:\Windows\SYSTEM32\GLU32.dll
0x00007ffb87910000 - 0x00007ffb87930000 	C:\Windows\SYSTEM32\dxcore.dll
0x00007ffb4c730000 - 0x00007ffb4d276000 	C:\Windows\SYSTEM32\ig75icd64.dll
0x00007ffb874a0000 - 0x00007ffb874b3000 	C:\Windows\SYSTEM32\WTSAPI32.dll
0x00007ffb7dc30000 - 0x00007ffb7e670000 	C:\Windows\SYSTEM32\igdusc64.dll
0x00007ffb879a0000 - 0x00007ffb87a8b000 	C:\Windows\SYSTEM32\dxgi.dll
0x00007ffb85210000 - 0x00007ffb8546b000 	C:\Windows\SYSTEM32\d3d11.dll
0x00007ffb7e670000 - 0x00007ffb7f53b000 	C:\Windows\SYSTEM32\igd10iumd64.dll
0x00007ffb887e0000 - 0x00007ffb88806000 	C:\Windows\SYSTEM32\ncrypt.dll
0x00007ffb887a0000 - 0x00007ffb887db000 	C:\Windows\SYSTEM32\NTASN1.dll
0x00007ffb776e0000 - 0x00007ffb7777d000 	C:\Windows\System32\TextInputFramework.dll
0x00007ffb7b230000 - 0x00007ffb7b4d7000 	C:\Windows\System32\iertutil.dll
0x00007ffb72780000 - 0x00007ffb727e5000 	C:\Windows\system32\Oleacc.dll
0x00007ffb6ee50000 - 0x00007ffb6eea9000 	C:\Users\larsb\AppData\Local\Temp\lwjgllarsb\3.2.3-build-13\lwjgl_opengl.dll
0x0000000064a00000 - 0x0000000064d11000 	C:\Users\larsb\AppData\Local\Temp\imgui-java-natives_1615730054154\imgui-java64.dll
0x00007ffb88090000 - 0x00007ffb880c3000 	C:\Windows\system32\rsaenh.dll
0x00007ffb886e0000 - 0x00007ffb886ec000 	C:\Windows\SYSTEM32\CRYPTBASE.dll

dbghelp: loaded successfully - version: 4.0.5 - missing functions: none
symbol engine: initialized successfully - sym options: 0x614 - pdb path: .;C:\Program Files\Java\jdk-15.0.2\bin;C:\Windows\SYSTEM32;C:\Windows\WinSxS\amd64_microsoft.windows.common-controls_6595b64144ccf1df_6.0.18362.1316_none_9e7a364fe461dbd7;C:\Program Files\Java\jdk-15.0.2\bin\server;C:\Users\larsb\AppData\Local\Temp\lwjgllarsb\3.2.3-build-13;C:\Users\larsb\AppData\Local\Temp\imgui-java-natives_1615730054154

VM Arguments:
jvm_args: -Dfile.encoding=Cp1252 --module-path=C:\Users\larsb\eclipse-workspace\Atlas\vendor\slick-util.jar -XX:+ShowCodeDetailsInExceptionMessages 
java_command: Atlas.sandbox.SandboxApp
java_class_path (initial): C:\Users\larsb\eclipse-workspace\Atlas\bin\main;C:\Users\larsb\.gradle\caches\modules-2\files-2.1\io.github.spair\imgui-java-app\1.81.2\dd3956447802608268946566a87a90abd20be7aa\imgui-java-app-1.81.2.jar;C:\Users\larsb\.gradle\caches\modules-2\files-2.1\org.lwjgl\lwjgl-glfw\3.2.3\5e520d5c290c8b012545a8d34fa5db5ab051ea53\lwjgl-glfw-3.2.3.jar;C:\Users\larsb\.gradle\caches\modules-2\files-2.1\org.lwjgl\lwjgl-glfw\3.2.3\b4d8a3477cdc2edcf7a5f1e822926be846223f54\lwjgl-glfw-3.2.3-natives-windows.jar;C:\Users\larsb\.gradle\caches\modules-2\files-2.1\org.lwjgl\lwjgl-glfw\3.2.3\62b044d9b0a057444bef2ab70b9afc288ec09dba\lwjgl-glfw-3.2.3-natives-linux.jar;C:\Users\larsb\.gradle\caches\modules-2\files-2.1\org.lwjgl\lwjgl-glfw\3.2.3\58661272eacb9116336c88b4aadccf1f17c09b\lwjgl-glfw-3.2.3-natives-macos.jar;C:\Users\larsb\.gradle\caches\modules-2\files-2.1\org.lwjgl\lwjgl-opengl\3.2.3\bdd534a323d0c8f54969b95e424b6ac8984f7d6e\lwjgl-opengl-3.2.3.jar;C:\Users\larsb\.gradle\caches\modules-2\files-2.1\org.lwjgl\lwjgl-opengl\3.2.3\e81cfc73ec8708e5e791ed770e4ec3edfc1bbab1\lwjgl-opengl-3.2.3-natives-windows.jar;C:\Users\larsb\.gradle\caches\modules-2\files-2.1\org.lwjgl\lwjgl-opengl\3.2.3\7f14db5da9aa7951efe88993f519d7d38ad6e46b\lwjgl-opengl-3.2.3-natives-linux.jar;C:\Users\larsb\.gradle\caches\modules-2\files-2.1\org.lwjgl\lwjgl-opengl\3.2.3\efa3326c11336d3e74c9c8aeceb2420328d28e6b\lwjgl-opengl-3.2.3-natives-macos.jar;C:\Users\larsb\.gradle\caches\modules-2\files-2.1\org.lwjgl\lwjgl-assimp\3.2.3\f62aa07a20afbdd3097efc296c4841e0d29700eb\lwjgl-assimp-3.2.3.jar;C:\Users\larsb\.gradle\caches\modules-2\files-2.1\org.lwjgl\lwjgl-cuda\3.2.3\fb91f3aaa29e69eee7f1314a63d3e3068ad138e4\lwjgl-cuda-3.2.3.jar;C:\Users\larsb\.gradle\caches\modules-2\files-2.1\org.lwjgl\lwjgl-openal\3.2.3\106742e805803ab9eab8e343f0fb31a3d263903c\lwjgl-openal-3.2.3.jar;C:\Users\larsb\.gradle\caches\modules-2\files-2.1\org.lwjgl\lwjgl-stb\3.2.3\40eccaa4fa86fc815f2e17946a392fb5fdcc286a\lwjgl-stb-3.
Launcher Type: SUN_STANDARD

[Global flags]
     intx CICompilerCount                          = 3                                         {product} {ergonomic}
     uint ConcGCThreads                            = 1                                         {product} {ergonomic}
     uint G1ConcRefinementThreads                  = 4                                         {product} {ergonomic}
   size_t G1HeapRegionSize                         = 1048576                                   {product} {ergonomic}
    uintx GCDrainStackTargetSize                   = 64                                        {product} {ergonomic}
   size_t InitialHeapSize                          = 134217728                                 {product} {ergonomic}
   size_t MarkStackSize                            = 4194304                                   {product} {ergonomic}
   size_t MaxHeapSize                              = 2116026368                                {product} {ergonomic}
   size_t MaxNewSize                               = 1268776960                                {product} {ergonomic}
   size_t MinHeapDeltaBytes                        = 1048576                                   {product} {ergonomic}
   size_t MinHeapSize                              = 8388608                                   {product} {ergonomic}
    uintx NonNMethodCodeHeapSize                   = 5832780                                {pd product} {ergonomic}
    uintx NonProfiledCodeHeapSize                  = 122912730                              {pd product} {ergonomic}
    uintx ProfiledCodeHeapSize                     = 122912730                              {pd product} {ergonomic}
    uintx ReservedCodeCacheSize                    = 251658240                              {pd product} {ergonomic}
     bool SegmentedCodeCache                       = true                                      {product} {ergonomic}
     bool ShowCodeDetailsInExceptionMessages       = true                                   {manageable} {command line}
   size_t SoftMaxHeapSize                          = 2116026368                             {manageable} {ergonomic}
     bool UseCompressedClassPointers               = true                                 {lp64_product} {ergonomic}
     bool UseCompressedOops                        = true                                 {lp64_product} {ergonomic}
     bool UseG1GC                                  = true                                      {product} {ergonomic}
     bool UseLargePagesIndividualAllocation        = false                                  {pd product} {ergonomic}

Logging:
Log output configuration:
 #0: stdout all=warning uptime,level,tags
 #1: stderr all=off uptime,level,tags

Environment Variables:
PATH=C:/Program Files/Java/jdk-15.0.2/bin/server;C:/Program Files/Java/jdk-15.0.2/bin;C:\Program Files\Common Files\Oracle\Java\javapath;C:\Program Files (x86)\Common Files\Oracle\Java\javapath;C:\Windows\system32;C:\Windows;C:\Windows\System32\Wbem;C:\Windows\System32\WindowsPowerShell\v1.0\;C:\Windows\System32\OpenSSH\;C:\Program Files\PuTTY\;C:\Program Files\Git\cmd;C:\src\flutter\bin;C:\Python39\Scripts;C:\Python39;C:\Users\larsb\AppData\Local\Microsoft\WindowsApps;C:\Users\larsb\AppData\Local\Programs\Microsoft VS Code\bin;C:\src\flutter\bin;C:\Python39;C:\Python39\Scripts;C:\Users\larsb\AppData\Local\GitHubDesktop\bin;C:\Windows\system32;
USERNAME=larsb
OS=Windows_NT
PROCESSOR_IDENTIFIER=Intel64 Family 6 Model 69 Stepping 1, GenuineIntel



---------------  S Y S T E M  ---------------

OS:
 Windows 10 , 64 bit Build 18362 (10.0.18362.1316)
OS uptime: 23 days 19:13 hours

CPU: total 4 (initial active 4) (2 cores per cpu, 2 threads per core) family 6 model 69 stepping 1 microcode 0x24, cmov, cx8, fxsr, mmx, sse, sse2, sse3, ssse3, sse4.1, sse4.2, popcnt, vzeroupper, avx, avx2, aes, clmul, erms, lzcnt, ht, tsc, tscinvbit, bmi1, bmi2, fma, clflush

Memory: 4k page, system-wide physical 8070M (1655M free)
TotalPageFile size 11422M (AvailPageFile size 2120M)
current process WorkingSet (physical memory assigned to process): 98M, peak: 99M
current process commit charge ("private bytes"): 256M, peak: 256M

vm_info: Java HotSpot(TM) 64-Bit Server VM (15.0.2+7-27) for windows-amd64 JRE (15.0.2+7-27), built on Dec  7 2020 20:07:01 by "mach5one" with unknown MS VC++:1925

END.
