#
# A fatal error has been detected by the Java Runtime Environment:
#
#  Internal Error (./open/src/hotspot/os_cpu/windows_x86/os_windows_x86.cpp:145), pid=8820, tid=10156
#  guarantee(result == EXCEPTION_CONTINUE_EXECUTION) failed: Unexpected result from topLevelExceptionFilter
#
# JRE version: Java(TM) SE Runtime Environment (15.0.2+7) (build 15.0.2+7-27)
# Java VM: Java HotSpot(TM) 64-Bit Server VM (15.0.2+7-27, mixed mode, sharing, tiered, compressed oops, g1 gc, windows-amd64)
# No core dump will be written. Minidumps are not enabled by default on client versions of Windows
#
# If you would like to submit a bug report, please visit:
#   https://bugreport.java.com/bugreport/crash.jsp
# The crash happened outside the Java Virtual Machine in native code.
# See problematic frame for where to report the bug.
#

---------------  S U M M A R Y ------------

Command Line: -Dfile.encoding=Cp1252 --module-path=C:\Users\larsb\eclipse-workspace\Atlas\vendor\slick-util.jar -XX:+ShowCodeDetailsInExceptionMessages Atlas.globe.GlobeApp

Host: Intel(R) Core(TM) i7-4600U CPU @ 2.10GHz, 4 cores, 7G,  Windows 10 , 64 bit Build 18362 (10.0.18362.1316)
Time: Sat Mar 13 14:52:16 2021 Mitteleuropäische Zeit elapsed time: 13.834125 seconds (0d 0h 0m 13s)

---------------  T H R E A D  ---------------

Current thread (0x000002511bc4ac90):  JavaThread "main" [_thread_in_native, id=10156, stack(0x0000009d8f000000,0x0000009d8f100000)]

Stack: [0x0000009d8f000000,0x0000009d8f100000]
Native frames: (J=compiled Java code, j=interpreted, Vv=VM code, C=native code)
V  [jvm.dll+0x62ae9a]
V  [jvm.dll+0x7817a9]
V  [jvm.dll+0x782f03]
V  [jvm.dll+0x783517]
V  [jvm.dll+0x21628c]
V  [jvm.dll+0x62aaac]
C  [ntdll.dll+0xa184f]
C  [ntdll.dll+0x6a889]
C  [ntdll.dll+0xa04be]
C  [KERNELBASE.dll+0xc1a52]

Java frames: (J=compiled Java code, j=interpreted, Vv=VM code)
j  imgui.ImGui.pushStyleVar(IF)V+0
j  Atlas.globe.EditorLayer.onGuiRender()V+59
j  Atlas.atlas.core.Application.run()V+55
j  Atlas.globe.GlobeApp.main([Ljava/lang/String;)V+26
v  ~StubRoutines::call_stub

---------------  P R O C E S S  ---------------

Threads class SMR info:
_java_thread_list=0x00000251c11a91b0, length=11, elements={
0x000002511bc4ac90, 0x0000025139e58990, 0x0000025139e59470, 0x0000025139e700f0,
0x0000025139e729c0, 0x0000025139e73380, 0x0000025139e861e0, 0x0000025139e8cc20,
0x0000025139e95df0, 0x0000025139e3bdc0, 0x000002513a925fa0
}

Java Threads: ( => current thread )
=>0x000002511bc4ac90 JavaThread "main" [_thread_in_native, id=10156, stack(0x0000009d8f000000,0x0000009d8f100000)]
  0x0000025139e58990 JavaThread "Reference Handler" daemon [_thread_blocked, id=11504, stack(0x0000009d8f700000,0x0000009d8f800000)]
  0x0000025139e59470 JavaThread "Finalizer" daemon [_thread_blocked, id=10984, stack(0x0000009d8f800000,0x0000009d8f900000)]
  0x0000025139e700f0 JavaThread "Signal Dispatcher" daemon [_thread_blocked, id=10840, stack(0x0000009d8f900000,0x0000009d8fa00000)]
  0x0000025139e729c0 JavaThread "Attach Listener" daemon [_thread_blocked, id=6984, stack(0x0000009d8fa00000,0x0000009d8fb00000)]
  0x0000025139e73380 JavaThread "Service Thread" daemon [_thread_blocked, id=8416, stack(0x0000009d8fb00000,0x0000009d8fc00000)]
  0x0000025139e861e0 JavaThread "C2 CompilerThread0" daemon [_thread_blocked, id=14860, stack(0x0000009d8fc00000,0x0000009d8fd00000)]
  0x0000025139e8cc20 JavaThread "C1 CompilerThread0" daemon [_thread_blocked, id=7132, stack(0x0000009d8fd00000,0x0000009d8fe00000)]
  0x0000025139e95df0 JavaThread "Sweeper thread" daemon [_thread_blocked, id=1580, stack(0x0000009d8fe00000,0x0000009d8ff00000)]
  0x0000025139e3bdc0 JavaThread "Common-Cleaner" daemon [_thread_blocked, id=3492, stack(0x0000009d8ff00000,0x0000009d90000000)]
  0x000002513a925fa0 JavaThread "Notification Thread" daemon [_thread_blocked, id=11968, stack(0x0000009d90000000,0x0000009d90100000)]

Other Threads:
  0x0000025139e551f0 VMThread "VM Thread" [stack: 0x0000009d8f600000,0x0000009d8f700000] [id=15024]
  0x000002511bc4bcd0 WatcherThread [stack: 0x0000009d90100000,0x0000009d90200000] [id=11168]
  0x000002511bc89e10 GCTaskThread "GC Thread#0" [stack: 0x0000009d8f100000,0x0000009d8f200000] [id=1584]
  0x000002513abecfd0 GCTaskThread "GC Thread#1" [stack: 0x0000009d90b00000,0x0000009d90c00000] [id=8976]
  0x000002513abec310 GCTaskThread "GC Thread#2" [stack: 0x0000009d90c00000,0x0000009d90d00000] [id=11560]
  0x000002511bc9b3d0 ConcurrentGCThread "G1 Main Marker" [stack: 0x0000009d8f200000,0x0000009d8f300000] [id=12408]
  0x000002511bc9cf60 ConcurrentGCThread "G1 Conc#0" [stack: 0x0000009d8f300000,0x0000009d8f400000] [id=8492]
  0x0000025139cd0090 ConcurrentGCThread "G1 Refine#0" [stack: 0x0000009d8f400000,0x0000009d8f500000] [id=8940]
  0x0000025139cd0ba0 ConcurrentGCThread "G1 Young RemSet Sampling" [stack: 0x0000009d8f500000,0x0000009d8f600000] [id=7272]

Threads with active compile tasks:

VM state: not at safepoint (normal execution)

VM Mutex/Monitor currently owned by a thread: None

Heap address: 0x0000000081e00000, size: 2018 MB, Compressed Oops mode: 32-bit
CDS archive(s) mapped at: [0x0000000800000000-0x0000000800b50000-0x0000000800b50000), size 11862016, SharedBaseAddress: 0x0000000800000000, ArchiveRelocationMode: 0.
Compressed class space mapped at: 0x0000000800b50000-0x0000000840b50000, size: 1073741824
Narrow klass base: 0x0000000800000000, Narrow klass shift: 3, Narrow klass range: 0x100000000

GC Precious Log:
 CPUs: 4 total, 4 available
 Memory: 8070M
 Large Page Support: Disabled
 NUMA Support: Disabled
 Compressed Oops: Enabled (32-bit)
 Heap Region Size: 1M
 Heap Min Capacity: 8M
 Heap Initial Capacity: 128M
 Heap Max Capacity: 2018M
 Pre-touch: Disabled
 Parallel Workers: 4
 Concurrent Workers: 1
 Concurrent Refinement Workers: 4
 Periodic GC: Disabled

Heap:
 garbage-first heap   total 131072K, used 3287K [0x0000000081e00000, 0x0000000100000000)
  region size 1024K, 5 young (5120K), 2 survivors (2048K)
 Metaspace       used 5944K, capacity 8661K, committed 8832K, reserved 1056768K
  class space    used 338K, capacity 608K, committed 640K, reserved 1048576K

Heap Regions: E=young(eden), S=young(survivor), O=old, HS=humongous(starts), HC=humongous(continues), CS=collection set, F=free, OA=open archive, CA=closed archive, TAMS=top-at-mark-start (previous, next)
|   0|0x0000000081e00000, 0x0000000081e35c00, 0x0000000081f00000| 20%| O|  |TAMS 0x0000000081e00000, 0x0000000081e00000| Untracked 
|   1|0x0000000081f00000, 0x0000000081f00000, 0x0000000082000000|  0%| F|  |TAMS 0x0000000081f00000, 0x0000000081f00000| Untracked 
|   2|0x0000000082000000, 0x0000000082000000, 0x0000000082100000|  0%| F|  |TAMS 0x0000000082000000, 0x0000000082000000| Untracked 
|   3|0x0000000082100000, 0x0000000082100000, 0x0000000082200000|  0%| F|  |TAMS 0x0000000082100000, 0x0000000082100000| Untracked 
|   4|0x0000000082200000, 0x0000000082200000, 0x0000000082300000|  0%| F|  |TAMS 0x0000000082200000, 0x0000000082200000| Untracked 
|   5|0x0000000082300000, 0x0000000082300000, 0x0000000082400000|  0%| F|  |TAMS 0x0000000082300000, 0x0000000082300000| Untracked 
|   6|0x0000000082400000, 0x0000000082400000, 0x0000000082500000|  0%| F|  |TAMS 0x0000000082400000, 0x0000000082400000| Untracked 
|   7|0x0000000082500000, 0x0000000082500000, 0x0000000082600000|  0%| F|  |TAMS 0x0000000082500000, 0x0000000082500000| Untracked 
|   8|0x0000000082600000, 0x0000000082600000, 0x0000000082700000|  0%| F|  |TAMS 0x0000000082600000, 0x0000000082600000| Untracked 
|   9|0x0000000082700000, 0x0000000082700000, 0x0000000082800000|  0%| F|  |TAMS 0x0000000082700000, 0x0000000082700000| Untracked 
|  10|0x0000000082800000, 0x0000000082800000, 0x0000000082900000|  0%| F|  |TAMS 0x0000000082800000, 0x0000000082800000| Untracked 
|  11|0x0000000082900000, 0x0000000082900000, 0x0000000082a00000|  0%| F|  |TAMS 0x0000000082900000, 0x0000000082900000| Untracked 
|  12|0x0000000082a00000, 0x0000000082a00000, 0x0000000082b00000|  0%| F|  |TAMS 0x0000000082a00000, 0x0000000082a00000| Untracked 
|  13|0x0000000082b00000, 0x0000000082b00000, 0x0000000082c00000|  0%| F|  |TAMS 0x0000000082b00000, 0x0000000082b00000| Untracked 
|  14|0x0000000082c00000, 0x0000000082c00000, 0x0000000082d00000|  0%| F|  |TAMS 0x0000000082c00000, 0x0000000082c00000| Untracked 
|  15|0x0000000082d00000, 0x0000000082d00000, 0x0000000082e00000|  0%| F|  |TAMS 0x0000000082d00000, 0x0000000082d00000| Untracked 
|  16|0x0000000082e00000, 0x0000000082e00000, 0x0000000082f00000|  0%| F|  |TAMS 0x0000000082e00000, 0x0000000082e00000| Untracked 
|  17|0x0000000082f00000, 0x0000000082f00000, 0x0000000083000000|  0%| F|  |TAMS 0x0000000082f00000, 0x0000000082f00000| Untracked 
|  18|0x0000000083000000, 0x0000000083000000, 0x0000000083100000|  0%| F|  |TAMS 0x0000000083000000, 0x0000000083000000| Untracked 
|  19|0x0000000083100000, 0x0000000083100000, 0x0000000083200000|  0%| F|  |TAMS 0x0000000083100000, 0x0000000083100000| Untracked 
|  20|0x0000000083200000, 0x0000000083200000, 0x0000000083300000|  0%| F|  |TAMS 0x0000000083200000, 0x0000000083200000| Untracked 
|  21|0x0000000083300000, 0x0000000083300000, 0x0000000083400000|  0%| F|  |TAMS 0x0000000083300000, 0x0000000083300000| Untracked 
|  22|0x0000000083400000, 0x0000000083400000, 0x0000000083500000|  0%| F|  |TAMS 0x0000000083400000, 0x0000000083400000| Untracked 
|  23|0x0000000083500000, 0x0000000083500000, 0x0000000083600000|  0%| F|  |TAMS 0x0000000083500000, 0x0000000083500000| Untracked 
|  24|0x0000000083600000, 0x0000000083600000, 0x0000000083700000|  0%| F|  |TAMS 0x0000000083600000, 0x0000000083600000| Untracked 
|  25|0x0000000083700000, 0x0000000083700000, 0x0000000083800000|  0%| F|  |TAMS 0x0000000083700000, 0x0000000083700000| Untracked 
|  26|0x0000000083800000, 0x0000000083800000, 0x0000000083900000|  0%| F|  |TAMS 0x0000000083800000, 0x0000000083800000| Untracked 
|  27|0x0000000083900000, 0x0000000083900000, 0x0000000083a00000|  0%| F|  |TAMS 0x0000000083900000, 0x0000000083900000| Untracked 
|  28|0x0000000083a00000, 0x0000000083a00000, 0x0000000083b00000|  0%| F|  |TAMS 0x0000000083a00000, 0x0000000083a00000| Untracked 
|  29|0x0000000083b00000, 0x0000000083b00000, 0x0000000083c00000|  0%| F|  |TAMS 0x0000000083b00000, 0x0000000083b00000| Untracked 
|  30|0x0000000083c00000, 0x0000000083c00000, 0x0000000083d00000|  0%| F|  |TAMS 0x0000000083c00000, 0x0000000083c00000| Untracked 
|  31|0x0000000083d00000, 0x0000000083d00000, 0x0000000083e00000|  0%| F|  |TAMS 0x0000000083d00000, 0x0000000083d00000| Untracked 
|  32|0x0000000083e00000, 0x0000000083e00000, 0x0000000083f00000|  0%| F|  |TAMS 0x0000000083e00000, 0x0000000083e00000| Untracked 
|  33|0x0000000083f00000, 0x0000000083f00000, 0x0000000084000000|  0%| F|  |TAMS 0x0000000083f00000, 0x0000000083f00000| Untracked 
|  34|0x0000000084000000, 0x0000000084000000, 0x0000000084100000|  0%| F|  |TAMS 0x0000000084000000, 0x0000000084000000| Untracked 
|  35|0x0000000084100000, 0x0000000084100000, 0x0000000084200000|  0%| F|  |TAMS 0x0000000084100000, 0x0000000084100000| Untracked 
|  36|0x0000000084200000, 0x0000000084200000, 0x0000000084300000|  0%| F|  |TAMS 0x0000000084200000, 0x0000000084200000| Untracked 
|  37|0x0000000084300000, 0x0000000084300000, 0x0000000084400000|  0%| F|  |TAMS 0x0000000084300000, 0x0000000084300000| Untracked 
|  38|0x0000000084400000, 0x0000000084400000, 0x0000000084500000|  0%| F|  |TAMS 0x0000000084400000, 0x0000000084400000| Untracked 
|  39|0x0000000084500000, 0x0000000084500000, 0x0000000084600000|  0%| F|  |TAMS 0x0000000084500000, 0x0000000084500000| Untracked 
|  40|0x0000000084600000, 0x0000000084600000, 0x0000000084700000|  0%| F|  |TAMS 0x0000000084600000, 0x0000000084600000| Untracked 
|  41|0x0000000084700000, 0x0000000084700000, 0x0000000084800000|  0%| F|  |TAMS 0x0000000084700000, 0x0000000084700000| Untracked 
|  42|0x0000000084800000, 0x0000000084800000, 0x0000000084900000|  0%| F|  |TAMS 0x0000000084800000, 0x0000000084800000| Untracked 
|  43|0x0000000084900000, 0x0000000084900000, 0x0000000084a00000|  0%| F|  |TAMS 0x0000000084900000, 0x0000000084900000| Untracked 
|  44|0x0000000084a00000, 0x0000000084a00000, 0x0000000084b00000|  0%| F|  |TAMS 0x0000000084a00000, 0x0000000084a00000| Untracked 
|  45|0x0000000084b00000, 0x0000000084b00000, 0x0000000084c00000|  0%| F|  |TAMS 0x0000000084b00000, 0x0000000084b00000| Untracked 
|  46|0x0000000084c00000, 0x0000000084c00000, 0x0000000084d00000|  0%| F|  |TAMS 0x0000000084c00000, 0x0000000084c00000| Untracked 
|  47|0x0000000084d00000, 0x0000000084d00000, 0x0000000084e00000|  0%| F|  |TAMS 0x0000000084d00000, 0x0000000084d00000| Untracked 
|  48|0x0000000084e00000, 0x0000000084e00000, 0x0000000084f00000|  0%| F|  |TAMS 0x0000000084e00000, 0x0000000084e00000| Untracked 
|  49|0x0000000084f00000, 0x0000000084f00000, 0x0000000085000000|  0%| F|  |TAMS 0x0000000084f00000, 0x0000000084f00000| Untracked 
|  50|0x0000000085000000, 0x0000000085000000, 0x0000000085100000|  0%| F|  |TAMS 0x0000000085000000, 0x0000000085000000| Untracked 
|  51|0x0000000085100000, 0x0000000085100000, 0x0000000085200000|  0%| F|  |TAMS 0x0000000085100000, 0x0000000085100000| Untracked 
|  52|0x0000000085200000, 0x0000000085200000, 0x0000000085300000|  0%| F|  |TAMS 0x0000000085200000, 0x0000000085200000| Untracked 
|  53|0x0000000085300000, 0x0000000085300000, 0x0000000085400000|  0%| F|  |TAMS 0x0000000085300000, 0x0000000085300000| Untracked 
|  54|0x0000000085400000, 0x0000000085400000, 0x0000000085500000|  0%| F|  |TAMS 0x0000000085400000, 0x0000000085400000| Untracked 
|  55|0x0000000085500000, 0x0000000085500000, 0x0000000085600000|  0%| F|  |TAMS 0x0000000085500000, 0x0000000085500000| Untracked 
|  56|0x0000000085600000, 0x0000000085600000, 0x0000000085700000|  0%| F|  |TAMS 0x0000000085600000, 0x0000000085600000| Untracked 
|  57|0x0000000085700000, 0x0000000085700000, 0x0000000085800000|  0%| F|  |TAMS 0x0000000085700000, 0x0000000085700000| Untracked 
|  58|0x0000000085800000, 0x0000000085800000, 0x0000000085900000|  0%| F|  |TAMS 0x0000000085800000, 0x0000000085800000| Untracked 
|  59|0x0000000085900000, 0x0000000085900000, 0x0000000085a00000|  0%| F|  |TAMS 0x0000000085900000, 0x0000000085900000| Untracked 
|  60|0x0000000085a00000, 0x0000000085a00000, 0x0000000085b00000|  0%| F|  |TAMS 0x0000000085a00000, 0x0000000085a00000| Untracked 
|  61|0x0000000085b00000, 0x0000000085b00000, 0x0000000085c00000|  0%| F|  |TAMS 0x0000000085b00000, 0x0000000085b00000| Untracked 
|  62|0x0000000085c00000, 0x0000000085c00000, 0x0000000085d00000|  0%| F|  |TAMS 0x0000000085c00000, 0x0000000085c00000| Untracked 
|  63|0x0000000085d00000, 0x0000000085d00000, 0x0000000085e00000|  0%| F|  |TAMS 0x0000000085d00000, 0x0000000085d00000| Untracked 
|  64|0x0000000085e00000, 0x0000000085e00000, 0x0000000085f00000|  0%| F|  |TAMS 0x0000000085e00000, 0x0000000085e00000| Untracked 
|  65|0x0000000085f00000, 0x0000000085f00000, 0x0000000086000000|  0%| F|  |TAMS 0x0000000085f00000, 0x0000000085f00000| Untracked 
|  66|0x0000000086000000, 0x0000000086000000, 0x0000000086100000|  0%| F|  |TAMS 0x0000000086000000, 0x0000000086000000| Untracked 
|  67|0x0000000086100000, 0x0000000086100000, 0x0000000086200000|  0%| F|  |TAMS 0x0000000086100000, 0x0000000086100000| Untracked 
|  68|0x0000000086200000, 0x0000000086200000, 0x0000000086300000|  0%| F|  |TAMS 0x0000000086200000, 0x0000000086200000| Untracked 
|  69|0x0000000086300000, 0x0000000086300000, 0x0000000086400000|  0%| F|  |TAMS 0x0000000086300000, 0x0000000086300000| Untracked 
|  70|0x0000000086400000, 0x0000000086400000, 0x0000000086500000|  0%| F|  |TAMS 0x0000000086400000, 0x0000000086400000| Untracked 
|  71|0x0000000086500000, 0x0000000086500000, 0x0000000086600000|  0%| F|  |TAMS 0x0000000086500000, 0x0000000086500000| Untracked 
|  72|0x0000000086600000, 0x0000000086600000, 0x0000000086700000|  0%| F|  |TAMS 0x0000000086600000, 0x0000000086600000| Untracked 
|  73|0x0000000086700000, 0x0000000086700000, 0x0000000086800000|  0%| F|  |TAMS 0x0000000086700000, 0x0000000086700000| Untracked 
|  74|0x0000000086800000, 0x0000000086800000, 0x0000000086900000|  0%| F|  |TAMS 0x0000000086800000, 0x0000000086800000| Untracked 
|  75|0x0000000086900000, 0x0000000086900000, 0x0000000086a00000|  0%| F|  |TAMS 0x0000000086900000, 0x0000000086900000| Untracked 
|  76|0x0000000086a00000, 0x0000000086a00000, 0x0000000086b00000|  0%| F|  |TAMS 0x0000000086a00000, 0x0000000086a00000| Untracked 
|  77|0x0000000086b00000, 0x0000000086b00000, 0x0000000086c00000|  0%| F|  |TAMS 0x0000000086b00000, 0x0000000086b00000| Untracked 
|  78|0x0000000086c00000, 0x0000000086c00000, 0x0000000086d00000|  0%| F|  |TAMS 0x0000000086c00000, 0x0000000086c00000| Untracked 
|  79|0x0000000086d00000, 0x0000000086d00000, 0x0000000086e00000|  0%| F|  |TAMS 0x0000000086d00000, 0x0000000086d00000| Untracked 
|  80|0x0000000086e00000, 0x0000000086e00000, 0x0000000086f00000|  0%| F|  |TAMS 0x0000000086e00000, 0x0000000086e00000| Untracked 
|  81|0x0000000086f00000, 0x0000000086f00000, 0x0000000087000000|  0%| F|  |TAMS 0x0000000086f00000, 0x0000000086f00000| Untracked 
|  82|0x0000000087000000, 0x0000000087000000, 0x0000000087100000|  0%| F|  |TAMS 0x0000000087000000, 0x0000000087000000| Untracked 
|  83|0x0000000087100000, 0x0000000087100000, 0x0000000087200000|  0%| F|  |TAMS 0x0000000087100000, 0x0000000087100000| Untracked 
|  84|0x0000000087200000, 0x0000000087200000, 0x0000000087300000|  0%| F|  |TAMS 0x0000000087200000, 0x0000000087200000| Untracked 
|  85|0x0000000087300000, 0x0000000087300000, 0x0000000087400000|  0%| F|  |TAMS 0x0000000087300000, 0x0000000087300000| Untracked 
|  86|0x0000000087400000, 0x0000000087400000, 0x0000000087500000|  0%| F|  |TAMS 0x0000000087400000, 0x0000000087400000| Untracked 
|  87|0x0000000087500000, 0x0000000087500000, 0x0000000087600000|  0%| F|  |TAMS 0x0000000087500000, 0x0000000087500000| Untracked 
|  88|0x0000000087600000, 0x0000000087600000, 0x0000000087700000|  0%| F|  |TAMS 0x0000000087600000, 0x0000000087600000| Untracked 
|  89|0x0000000087700000, 0x0000000087700000, 0x0000000087800000|  0%| F|  |TAMS 0x0000000087700000, 0x0000000087700000| Untracked 
|  90|0x0000000087800000, 0x0000000087800000, 0x0000000087900000|  0%| F|  |TAMS 0x0000000087800000, 0x0000000087800000| Untracked 
|  91|0x0000000087900000, 0x0000000087900000, 0x0000000087a00000|  0%| F|  |TAMS 0x0000000087900000, 0x0000000087900000| Untracked 
|  92|0x0000000087a00000, 0x0000000087a00000, 0x0000000087b00000|  0%| F|  |TAMS 0x0000000087a00000, 0x0000000087a00000| Untracked 
|  93|0x0000000087b00000, 0x0000000087b00000, 0x0000000087c00000|  0%| F|  |TAMS 0x0000000087b00000, 0x0000000087b00000| Untracked 
|  94|0x0000000087c00000, 0x0000000087c00000, 0x0000000087d00000|  0%| F|  |TAMS 0x0000000087c00000, 0x0000000087c00000| Untracked 
|  95|0x0000000087d00000, 0x0000000087d00000, 0x0000000087e00000|  0%| F|  |TAMS 0x0000000087d00000, 0x0000000087d00000| Untracked 
|  96|0x0000000087e00000, 0x0000000087e00000, 0x0000000087f00000|  0%| F|  |TAMS 0x0000000087e00000, 0x0000000087e00000| Untracked 
|  97|0x0000000087f00000, 0x0000000087f00000, 0x0000000088000000|  0%| F|  |TAMS 0x0000000087f00000, 0x0000000087f00000| Untracked 
|  98|0x0000000088000000, 0x0000000088000000, 0x0000000088100000|  0%| F|  |TAMS 0x0000000088000000, 0x0000000088000000| Untracked 
|  99|0x0000000088100000, 0x0000000088100000, 0x0000000088200000|  0%| F|  |TAMS 0x0000000088100000, 0x0000000088100000| Untracked 
| 100|0x0000000088200000, 0x0000000088200000, 0x0000000088300000|  0%| F|  |TAMS 0x0000000088200000, 0x0000000088200000| Untracked 
| 101|0x0000000088300000, 0x0000000088300000, 0x0000000088400000|  0%| F|  |TAMS 0x0000000088300000, 0x0000000088300000| Untracked 
| 102|0x0000000088400000, 0x0000000088400000, 0x0000000088500000|  0%| F|  |TAMS 0x0000000088400000, 0x0000000088400000| Untracked 
| 103|0x0000000088500000, 0x0000000088500000, 0x0000000088600000|  0%| F|  |TAMS 0x0000000088500000, 0x0000000088500000| Untracked 
| 104|0x0000000088600000, 0x0000000088600000, 0x0000000088700000|  0%| F|  |TAMS 0x0000000088600000, 0x0000000088600000| Untracked 
| 105|0x0000000088700000, 0x0000000088700000, 0x0000000088800000|  0%| F|  |TAMS 0x0000000088700000, 0x0000000088700000| Untracked 
| 106|0x0000000088800000, 0x0000000088800000, 0x0000000088900000|  0%| F|  |TAMS 0x0000000088800000, 0x0000000088800000| Untracked 
| 107|0x0000000088900000, 0x0000000088900000, 0x0000000088a00000|  0%| F|  |TAMS 0x0000000088900000, 0x0000000088900000| Untracked 
| 108|0x0000000088a00000, 0x0000000088a00000, 0x0000000088b00000|  0%| F|  |TAMS 0x0000000088a00000, 0x0000000088a00000| Untracked 
| 109|0x0000000088b00000, 0x0000000088b00000, 0x0000000088c00000|  0%| F|  |TAMS 0x0000000088b00000, 0x0000000088b00000| Untracked 
| 110|0x0000000088c00000, 0x0000000088c00000, 0x0000000088d00000|  0%| F|  |TAMS 0x0000000088c00000, 0x0000000088c00000| Untracked 
| 111|0x0000000088d00000, 0x0000000088d00000, 0x0000000088e00000|  0%| F|  |TAMS 0x0000000088d00000, 0x0000000088d00000| Untracked 
| 112|0x0000000088e00000, 0x0000000088e00000, 0x0000000088f00000|  0%| F|  |TAMS 0x0000000088e00000, 0x0000000088e00000| Untracked 
| 113|0x0000000088f00000, 0x0000000089000000, 0x0000000089000000|100%| S|CS|TAMS 0x0000000088f00000, 0x0000000088f00000| Complete 
| 114|0x0000000089000000, 0x0000000089100000, 0x0000000089100000|100%| S|CS|TAMS 0x0000000089000000, 0x0000000089000000| Complete 
| 115|0x0000000089100000, 0x0000000089100000, 0x0000000089200000|  0%| F|  |TAMS 0x0000000089100000, 0x0000000089100000| Untracked 
| 116|0x0000000089200000, 0x0000000089200000, 0x0000000089300000|  0%| F|  |TAMS 0x0000000089200000, 0x0000000089200000| Untracked 
| 117|0x0000000089300000, 0x0000000089300000, 0x0000000089400000|  0%| F|  |TAMS 0x0000000089300000, 0x0000000089300000| Untracked 
| 118|0x0000000089400000, 0x0000000089400000, 0x0000000089500000|  0%| F|  |TAMS 0x0000000089400000, 0x0000000089400000| Untracked 
| 119|0x0000000089500000, 0x0000000089500000, 0x0000000089600000|  0%| F|  |TAMS 0x0000000089500000, 0x0000000089500000| Untracked 
| 120|0x0000000089600000, 0x0000000089600000, 0x0000000089700000|  0%| F|  |TAMS 0x0000000089600000, 0x0000000089600000| Untracked 
| 121|0x0000000089700000, 0x0000000089700000, 0x0000000089800000|  0%| F|  |TAMS 0x0000000089700000, 0x0000000089700000| Untracked 
| 122|0x0000000089800000, 0x0000000089800000, 0x0000000089900000|  0%| F|  |TAMS 0x0000000089800000, 0x0000000089800000| Untracked 
| 123|0x0000000089900000, 0x0000000089900000, 0x0000000089a00000|  0%| F|  |TAMS 0x0000000089900000, 0x0000000089900000| Untracked 
| 124|0x0000000089a00000, 0x0000000089a00000, 0x0000000089b00000|  0%| F|  |TAMS 0x0000000089a00000, 0x0000000089a00000| Untracked 
| 125|0x0000000089b00000, 0x0000000089b09e20, 0x0000000089c00000|  3%| E|  |TAMS 0x0000000089b00000, 0x0000000089b00000| Complete 
| 126|0x0000000089c00000, 0x0000000089d00000, 0x0000000089d00000|100%| E|  |TAMS 0x0000000089c00000, 0x0000000089c00000| Complete 
| 127|0x0000000089d00000, 0x0000000089e00000, 0x0000000089e00000|100%| E|CS|TAMS 0x0000000089d00000, 0x0000000089d00000| Complete 

Card table byte_map: [0x0000025133270000,0x0000025133670000] _byte_map_base: 0x0000025132e61000

Marking Bits (Prev, Next): (CMBitMap*) 0x000002511bc8a590, (CMBitMap*) 0x000002511bc8a5d0
 Prev Bits: [0x0000025133a70000, 0x00000251359f8000)
 Next Bits: [0x0000025135a00000, 0x0000025137988000)

Polling page: 0x0000025119af0000

Metaspace:

Usage:
  Non-class:      7.86 MB capacity,     5.48 MB ( 70%) used,     2.38 MB ( 30%) free+waste,     6.81 KB ( <1%) overhead. 
      Class:    608.00 KB capacity,   338.28 KB ( 56%) used,   267.59 KB ( 44%) free+waste,     2.13 KB ( <1%) overhead. 
       Both:      8.46 MB capacity,     5.81 MB ( 69%) used,     2.64 MB ( 31%) free+waste,     8.94 KB ( <1%) overhead. 

Virtual space:
  Non-class space:        8.00 MB reserved,       8.00 MB (100%) committed 
      Class space:        1.00 GB reserved,     640.00 KB ( <1%) committed 
             Both:        1.01 GB reserved,       8.63 MB ( <1%) committed 

Chunk freelists:
   Non-Class:  75.00 KB
       Class:  0 bytes
        Both:  75.00 KB

MaxMetaspaceSize: 17179869184.00 GB
CompressedClassSpaceSize: 1.00 GB

CodeHeap 'non-profiled nmethods': size=120000Kb used=261Kb max_used=261Kb free=119738Kb
 bounds [0x000002512b940000, 0x000002512bbb0000, 0x0000025132e70000]
CodeHeap 'profiled nmethods': size=120000Kb used=1489Kb max_used=1489Kb free=118510Kb
 bounds [0x0000025124410000, 0x0000025124680000, 0x000002512b940000]
CodeHeap 'non-nmethods': size=5760Kb used=1694Kb max_used=1714Kb free=4065Kb
 bounds [0x0000025123e70000, 0x00000251240e0000, 0x0000025124410000]
 total_blobs=2004 nmethods=888 adapters=1029
 compilation: enabled
              stopped_count=0, restarted_count=0
 full_count=0

Compilation events (20 events):
Event: 0.800 Thread 0x0000025139e8cc20  879       3       java.lang.ClassLoader::findBootstrapClassOrNull (16 bytes)
Event: 0.800 Thread 0x0000025139e8cc20 nmethod 879 0x0000025124582210 code [0x00000251245823c0, 0x0000025124582598]
Event: 0.802 Thread 0x0000025139e8cc20  880       3       java.lang.ClassLoader::loadClass (7 bytes)
Event: 0.802 Thread 0x0000025139e8cc20 nmethod 880 0x0000025124582690 code [0x0000025124582840, 0x0000025124582a08]
Event: 0.803 Thread 0x0000025139e8cc20  881       3       jdk.internal.loader.URLClassPath::getResource (74 bytes)
Event: 0.803 Thread 0x0000025139e8cc20 nmethod 881 0x0000025124582a90 code [0x0000025124582c60, 0x0000025124582f98]
Event: 0.804 Thread 0x000002513b0f2110 nmethod 859 0x000002512b97cd10 code [0x000002512b97cee0, 0x000002512b97d878]
Event: 0.804 Thread 0x0000025139e8cc20  882       3       jdk.internal.loader.NativeLibraries$NativeLibraryImpl::find (6 bytes)
Event: 0.804 Thread 0x0000025139e8cc20 nmethod 882 0x0000025124583110 code [0x00000251245832c0, 0x00000251245833e8]
Event: 0.808 Thread 0x0000025139e8cc20  884       3       java.lang.invoke.MemberName::getType (19 bytes)
Event: 0.808 Thread 0x0000025139e8cc20 nmethod 884 0x0000025124583490 code [0x0000025124583660, 0x00000251245839f8]
Event: 0.809 Thread 0x000002513b0f2110  885       4       java.lang.invoke.MethodType::parameterType (7 bytes)
Event: 0.809 Thread 0x0000025139e8cc20  886       3       java.lang.invoke.MemberName::isCallerSensitive (8 bytes)
Event: 0.809 Thread 0x0000025139e8cc20 nmethod 886 0x0000025124583b10 code [0x0000025124583cc0, 0x0000025124583ef8]
Event: 0.809 Thread 0x000002513b0f2110 nmethod 885 0x000002512b97e510 code [0x000002512b97e680, 0x000002512b97e718]
Event: 0.809 Thread 0x000002513b0f2110  887       4       sun.misc.Unsafe::putByte (9 bytes)
Event: 0.810 Thread 0x000002513b0f2110 nmethod 887 0x000002512b97e810 code [0x000002512b97e980, 0x000002512b97e9f8]
Event: 0.813 Thread 0x0000025139e8cc20  888       3       java.util.LinkedHashMap::get (29 bytes)
Event: 0.813 Thread 0x0000025139e8cc20 nmethod 888 0x0000025124584010 code [0x00000251245841c0, 0x00000251245843f8]
Event: 0.840 Thread 0x0000025139e861e0 nmethod 861 0x000002512b97eb10 code [0x000002512b97ed60, 0x000002512b980420]

GC Heap History (2 events):
Event: 0.703 GC heap before
{Heap before GC invocations=0 (full 0):
 garbage-first heap   total 131072K, used 12288K [0x0000000081e00000, 0x0000000100000000)
  region size 1024K, 13 young (13312K), 0 survivors (0K)
 Metaspace       used 5068K, capacity 7881K, committed 8064K, reserved 1056768K
  class space    used 289K, capacity 540K, committed 640K, reserved 1048576K
}
Event: 0.709 GC heap after
{Heap after GC invocations=1 (full 0):
 garbage-first heap   total 131072K, used 2263K [0x0000000081e00000, 0x0000000100000000)
  region size 1024K, 2 young (2048K), 2 survivors (2048K)
 Metaspace       used 5068K, capacity 7881K, committed 8064K, reserved 1056768K
  class space    used 289K, capacity 540K, committed 640K, reserved 1048576K
}

Deoptimization events (20 events):
Event: 0.145 Thread 0x000002511bc4ac90 DEOPT PACKING pc=0x000002512b942710 sp=0x0000009d8f0ff270
Event: 0.145 Thread 0x000002511bc4ac90 DEOPT UNPACKING pc=0x0000025123ebe42f sp=0x0000009d8f0ff1b0 mode 2
Event: 0.253 Thread 0x000002511bc4ac90 Uncommon trap: trap_request=0xffffff45 fr.pc=0x000002512b95c2e0 relative=0x0000000000000060
Event: 0.253 Thread 0x000002511bc4ac90 Uncommon trap: reason=unstable_if action=reinterpret pc=0x000002512b95c2e0 method=java.io.WinNTFileSystem.isSlash(C)Z @ 9 c2
Event: 0.253 Thread 0x000002511bc4ac90 DEOPT PACKING pc=0x000002512b95c2e0 sp=0x0000009d8f0fcdf0
Event: 0.253 Thread 0x000002511bc4ac90 DEOPT UNPACKING pc=0x0000025123ebe42f sp=0x0000009d8f0fcd78 mode 2
Event: 0.307 Thread 0x000002511bc4ac90 Uncommon trap: trap_request=0xffffff45 fr.pc=0x000002512b9486d8 relative=0x0000000000000058
Event: 0.307 Thread 0x000002511bc4ac90 Uncommon trap: reason=unstable_if action=reinterpret pc=0x000002512b9486d8 method=java.lang.String.isLatin1()Z @ 10 c2
Event: 0.307 Thread 0x000002511bc4ac90 DEOPT PACKING pc=0x000002512b9486d8 sp=0x0000009d8f0fda40
Event: 0.307 Thread 0x000002511bc4ac90 DEOPT UNPACKING pc=0x0000025123ebe42f sp=0x0000009d8f0fd9d0 mode 2
Event: 0.539 Thread 0x000002511bc4ac90 Uncommon trap: trap_request=0xffffff54 fr.pc=0x000002512b96df60 relative=0x0000000000000060
Event: 0.539 Thread 0x000002511bc4ac90 Uncommon trap: reason=speculate_null_assert action=make_not_entrant pc=0x000002512b96df60 method=sun.misc.Unsafe.putLong(Ljava/lang/Object;JJ)V @ 7 c2
Event: 0.539 Thread 0x000002511bc4ac90 DEOPT PACKING pc=0x000002512b96df60 sp=0x0000009d8f0ff1f0
Event: 0.539 Thread 0x000002511bc4ac90 DEOPT UNPACKING pc=0x0000025123ebe42f sp=0x0000009d8f0ff168 mode 2
Event: 0.607 Thread 0x000002511bc4ac90 DEOPT PACKING pc=0x0000025124469c5f sp=0x0000009d8f0fe310
Event: 0.607 Thread 0x000002511bc4ac90 DEOPT UNPACKING pc=0x0000025123ebe23f sp=0x0000009d8f0fd760 mode 0
Event: 0.791 Thread 0x000002511bc4ac90 Uncommon trap: trap_request=0xffffff45 fr.pc=0x000002512b9791b4 relative=0x0000000000000034
Event: 0.791 Thread 0x000002511bc4ac90 Uncommon trap: reason=unstable_if action=reinterpret pc=0x000002512b9791b4 method=java.lang.reflect.Modifier.isFinal(I)Z @ 4 c2
Event: 0.791 Thread 0x000002511bc4ac90 DEOPT PACKING pc=0x000002512b9791b4 sp=0x0000009d8f0fe340
Event: 0.791 Thread 0x000002511bc4ac90 DEOPT UNPACKING pc=0x0000025123ebe42f sp=0x0000009d8f0fe2d0 mode 2

Classes unloaded (0 events):
No events

Classes redefined (0 events):
No events

Internal exceptions (16 events):
Event: 0.219 Thread 0x000002511bc4ac90 Exception <a 'java/lang/NoSuchMethodError'{0x0000000089af4ad8}: 'void java.lang.invoke.DirectMethodHandle$Holder.invokeStatic(java.lang.Object, java.lang.Object)'> (0x0000000089af4ad8) 
thrown [./open/src/hotspot/share/interpreter/linkResolver.cpp, line 782]
Event: 0.220 Thread 0x000002511bc4ac90 Exception <a 'java/lang/NoSuchMethodError'{0x0000000089af9f18}: 'void java.lang.invoke.DirectMethodHandle$Holder.invokeSpecial(java.lang.Object, java.lang.Object, java.lang.Object)'> (0x0000000089af9f18) 
thrown [./open/src/hotspot/share/interpreter/linkResolver.cpp, line 782]
Event: 0.224 Thread 0x000002511bc4ac90 Exception <a 'java/lang/NoSuchMethodError'{0x000000008990eaf8}: 'java.lang.Object java.lang.invoke.DirectMethodHandle$Holder.invokeStatic(java.lang.Object, java.lang.Object, int)'> (0x000000008990eaf8) 
thrown [./open/src/hotspot/share/interpreter/linkResolver.cpp, line 782]
Event: 0.226 Thread 0x000002511bc4ac90 Exception <a 'java/lang/NoSuchMethodError'{0x000000008991ac40}: 'void java.lang.invoke.DelegatingMethodHandle$Holder.delegate(java.lang.Object, java.lang.Object, int, java.lang.Object)'> (0x000000008991ac40) 
thrown [./open/src/hotspot/share/interpreter/linkResolver.cpp, line 782]
Event: 0.226 Thread 0x000002511bc4ac90 Exception <a 'java/lang/NoSuchMethodError'{0x000000008991ed90}: 'int java.lang.invoke.DirectMethodHandle$Holder.invokeSpecial(java.lang.Object, java.lang.Object, java.lang.Object)'> (0x000000008991ed90) 
thrown [./open/src/hotspot/share/interpreter/linkResolver.cpp, line 782]
Event: 0.287 Thread 0x000002511bc4ac90 Exception <a 'sun/nio/fs/WindowsException'{0x00000000899becb8}> (0x00000000899becb8) 
thrown [./open/src/hotspot/share/prims/jni.cpp, line 578]
Event: 0.288 Thread 0x000002511bc4ac90 Exception <a 'sun/nio/fs/WindowsException'{0x00000000899bf210}> (0x00000000899bf210) 
thrown [./open/src/hotspot/share/prims/jni.cpp, line 578]
Event: 0.336 Thread 0x000002511bc4ac90 Exception <a 'sun/nio/fs/WindowsException'{0x0000000089880dd0}> (0x0000000089880dd0) 
thrown [./open/src/hotspot/share/prims/jni.cpp, line 578]
Event: 0.336 Thread 0x000002511bc4ac90 Exception <a 'sun/nio/fs/WindowsException'{0x0000000089881140}> (0x0000000089881140) 
thrown [./open/src/hotspot/share/prims/jni.cpp, line 578]
Event: 0.344 Thread 0x000002511bc4ac90 Exception <a 'java/lang/NoSuchMethodError'{0x00000000898bb630}: 'java.lang.Object java.lang.invoke.DirectMethodHandle$Holder.invokeStatic(java.lang.Object)'> (0x00000000898bb630) 
thrown [./open/src/hotspot/share/interpreter/linkResolver.cpp, line 782]
Event: 0.345 Thread 0x000002511bc4ac90 Exception <a 'java/lang/NoSuchMethodError'{0x00000000898beca0}: 'java.lang.Object java.lang.invoke.DirectMethodHandle$Holder.invokeStaticInit(java.lang.Object)'> (0x00000000898beca0) 
thrown [./open/src/hotspot/share/interpreter/linkResolver.cpp, line 782]
Event: 0.489 Thread 0x000002511bc4ac90 Exception <a 'sun/nio/fs/WindowsException'{0x0000000089785148}> (0x0000000089785148) 
thrown [./open/src/hotspot/share/prims/jni.cpp, line 578]
Event: 0.489 Thread 0x000002511bc4ac90 Exception <a 'sun/nio/fs/WindowsException'{0x00000000897854f8}> (0x00000000897854f8) 
thrown [./open/src/hotspot/share/prims/jni.cpp, line 578]
Event: 0.494 Thread 0x000002511bc4ac90 Exception <a 'sun/nio/fs/WindowsException'{0x0000000089793c10}> (0x0000000089793c10) 
thrown [./open/src/hotspot/share/prims/jni.cpp, line 578]
Event: 0.494 Thread 0x000002511bc4ac90 Exception <a 'sun/nio/fs/WindowsException'{0x0000000089793ef8}> (0x0000000089793ef8) 
thrown [./open/src/hotspot/share/prims/jni.cpp, line 578]
Event: 0.732 Thread 0x000002511bc4ac90 Exception <a 'sun/nio/fs/WindowsException'{0x0000000089dcd7c8}> (0x0000000089dcd7c8) 
thrown [./open/src/hotspot/share/prims/jni.cpp, line 578]

Events (20 events):
Event: 0.492 Loaded shared library C:\Users\larsb\AppData\Local\Temp\lwjgllarsb\3.2.3-build-13\lwjgl_opengl.dll
Event: 0.538 Thread 0x000002513b0f2110 Thread added: 0x000002513b0f2110
Event: 0.544 Loaded shared library C:\Users\larsb\AppData\Local\Temp\lwjgllarsb\3.2.3-build-13\lwjgl.dll
Event: 0.551 Loaded shared library C:\Users\larsb\AppData\Local\Temp\lwjgllarsb\3.2.3-build-13\lwjgl.dll
Event: 0.667 loading class jdk/internal/reflect/UnsafeQualifiedLongFieldAccessorImpl
Event: 0.667 loading class jdk/internal/reflect/UnsafeQualifiedFieldAccessorImpl
Event: 0.667 loading class jdk/internal/reflect/UnsafeQualifiedFieldAccessorImpl done
Event: 0.667 loading class jdk/internal/reflect/UnsafeQualifiedLongFieldAccessorImpl done
Event: 0.703 Executing VM operation: G1CollectForAllocation
Event: 0.710 Executing VM operation: G1CollectForAllocation done
Event: 0.710 Executing VM operation: HandshakeAllThreads
Event: 0.710 Executing VM operation: HandshakeAllThreads done
Event: 0.728 loading class java/io/UncheckedIOException
Event: 0.728 loading class java/io/UncheckedIOException done
Event: 0.731 loading class java/nio/file/StandardCopyOption
Event: 0.731 loading class java/nio/file/StandardCopyOption done
Event: 0.780 Loaded shared library C:\Users\larsb\AppData\Local\Temp\imgui-java-natives_1615643523691\imgui-java64.dll
Event: 0.819 loading class java/util/Vector$Itr
Event: 0.819 loading class java/util/Vector$Itr done
Event: 5.813 Thread 0x000002513b0f2110 Thread exited: 0x000002513b0f2110


Dynamic libraries:
0x00007ff608a90000 - 0x00007ff608a9f000 	C:\Program Files\Java\jdk-15.0.2\bin\javaw.exe
0x00007ffb8be20000 - 0x00007ffb8c010000 	C:\Windows\SYSTEM32\ntdll.dll
0x00007ffb8bbb0000 - 0x00007ffb8bc62000 	C:\Windows\System32\KERNEL32.DLL
0x00007ffb89670000 - 0x00007ffb89915000 	C:\Windows\System32\KERNELBASE.dll
0x00007ffb89570000 - 0x00007ffb8966a000 	C:\Windows\System32\ucrtbase.dll
0x00007ffb7a0f0000 - 0x00007ffb7a108000 	C:\Program Files\Java\jdk-15.0.2\bin\jli.dll
0x00007ffb8a580000 - 0x00007ffb8a623000 	C:\Windows\System32\ADVAPI32.dll
0x00007ffb89f40000 - 0x00007ffb89fde000 	C:\Windows\System32\msvcrt.dll
0x00007ffb8bd40000 - 0x00007ffb8bdd7000 	C:\Windows\System32\sechost.dll
0x00007ffb8a380000 - 0x00007ffb8a49f000 	C:\Windows\System32\RPCRT4.dll
0x00007ffb792c0000 - 0x00007ffb792d9000 	C:\Program Files\Java\jdk-15.0.2\bin\VCRUNTIME140.dll
0x00007ffb8ac00000 - 0x00007ffb8ad94000 	C:\Windows\System32\USER32.dll
0x00007ffb89920000 - 0x00007ffb89941000 	C:\Windows\System32\win32u.dll
0x00007ffb8a350000 - 0x00007ffb8a376000 	C:\Windows\System32\GDI32.dll
0x00007ffb89c80000 - 0x00007ffb89e18000 	C:\Windows\System32\gdi32full.dll
0x00007ffb89980000 - 0x00007ffb89a1e000 	C:\Windows\System32\msvcp_win.dll
0x00007ffb755c0000 - 0x00007ffb75844000 	C:\Windows\WinSxS\amd64_microsoft.windows.common-controls_6595b64144ccf1df_6.0.18362.1316_none_9e7a364fe461dbd7\COMCTL32.dll
0x00007ffb8a630000 - 0x00007ffb8a967000 	C:\Windows\System32\combase.dll
0x00007ffb7c030000 - 0x00007ffb7c03a000 	C:\Windows\SYSTEM32\VERSION.dll
0x00007ffb89a40000 - 0x00007ffb89ac1000 	C:\Windows\System32\bcryptPrimitives.dll
0x00007ffb8a550000 - 0x00007ffb8a57e000 	C:\Windows\System32\IMM32.DLL
0x00007ffb865a0000 - 0x00007ffb865ac000 	C:\Program Files\Java\jdk-15.0.2\bin\vcruntime140_1.dll
0x00007ffb62ec0000 - 0x00007ffb62f51000 	C:\Program Files\Java\jdk-15.0.2\bin\msvcp140.dll
0x00007ffb53850000 - 0x00007ffb543ae000 	C:\Program Files\Java\jdk-15.0.2\bin\server\jvm.dll
0x00007ffb89f30000 - 0x00007ffb89f38000 	C:\Windows\System32\PSAPI.DLL
0x00007ffb78170000 - 0x00007ffb78179000 	C:\Windows\SYSTEM32\WSOCK32.dll
0x00007ffb8a130000 - 0x00007ffb8a19f000 	C:\Windows\System32\WS2_32.dll
0x00007ffb84b50000 - 0x00007ffb84b74000 	C:\Windows\SYSTEM32\WINMM.dll
0x00007ffb84b20000 - 0x00007ffb84b4d000 	C:\Windows\SYSTEM32\winmmbase.dll
0x00007ffb88da0000 - 0x00007ffb88dea000 	C:\Windows\System32\cfgmgr32.dll
0x00007ffb88ce0000 - 0x00007ffb88cf1000 	C:\Windows\System32\kernel.appcore.dll
0x00007ffb843a0000 - 0x00007ffb843aa000 	C:\Program Files\Java\jdk-15.0.2\bin\jimage.dll
0x00007ffb7d520000 - 0x00007ffb7d714000 	C:\Windows\SYSTEM32\DBGHELP.DLL
0x00007ffb79c90000 - 0x00007ffb79cba000 	C:\Windows\SYSTEM32\dbgcore.DLL
0x00007ffb78dd0000 - 0x00007ffb78df5000 	C:\Program Files\Java\jdk-15.0.2\bin\java.dll
0x00007ffb8b2e0000 - 0x00007ffb8b9c8000 	C:\Windows\System32\SHELL32.dll
0x00007ffb8bc90000 - 0x00007ffb8bd37000 	C:\Windows\System32\shcore.dll
0x00007ffb88df0000 - 0x00007ffb8956b000 	C:\Windows\System32\windows.storage.dll
0x00007ffb88d00000 - 0x00007ffb88d23000 	C:\Windows\System32\profapi.dll
0x00007ffb88d50000 - 0x00007ffb88d9a000 	C:\Windows\System32\powrprof.dll
0x00007ffb88cd0000 - 0x00007ffb88ce0000 	C:\Windows\System32\UMPDC.dll
0x00007ffb8aba0000 - 0x00007ffb8abf2000 	C:\Windows\System32\shlwapi.dll
0x00007ffb89a20000 - 0x00007ffb89a37000 	C:\Windows\System32\cryptsp.dll
0x00007ffb81ed0000 - 0x00007ffb81ee9000 	C:\Program Files\Java\jdk-15.0.2\bin\net.dll
0x00007ffb864b0000 - 0x00007ffb865a0000 	C:\Windows\SYSTEM32\WINHTTP.dll
0x00007ffb88510000 - 0x00007ffb88577000 	C:\Windows\system32\mswsock.dll
0x00007ffb7a140000 - 0x00007ffb7a152000 	C:\Program Files\Java\jdk-15.0.2\bin\nio.dll
0x00007ffb78db0000 - 0x00007ffb78dc8000 	C:\Program Files\Java\jdk-15.0.2\bin\zip.dll
0x00007ffb6e280000 - 0x00007ffb6e2e4000 	C:\Users\larsb\AppData\Local\Temp\lwjgllarsb\3.2.3-build-13\lwjgl.dll
0x00007ffb6e1a0000 - 0x00007ffb6e202000 	C:\Users\larsb\AppData\Local\Temp\lwjgllarsb\3.2.3-build-13\glfw.dll
0x00007ffb86170000 - 0x00007ffb86209000 	C:\Windows\system32\uxtheme.dll
0x00007ffb6d8d0000 - 0x00007ffb6d913000 	C:\Windows\SYSTEM32\dinput8.dll
0x00007ffb788d0000 - 0x00007ffb788e1000 	C:\Windows\SYSTEM32\xinput1_4.dll
0x00007ffb88ab0000 - 0x00007ffb88ada000 	C:\Windows\SYSTEM32\DEVOBJ.dll
0x00007ffb86980000 - 0x00007ffb869ad000 	C:\Windows\SYSTEM32\dwmapi.dll
0x00007ffb75e60000 - 0x00007ffb75f7c000 	C:\Windows\SYSTEM32\inputhost.dll
0x00007ffb85ab0000 - 0x00007ffb85b84000 	C:\Windows\SYSTEM32\CoreMessaging.dll
0x00007ffb83170000 - 0x00007ffb8349a000 	C:\Windows\SYSTEM32\CoreUIComponents.dll
0x00007ffb862c0000 - 0x00007ffb863b0000 	C:\Windows\SYSTEM32\PROPSYS.dll
0x00007ffb8aad0000 - 0x00007ffb8ab95000 	C:\Windows\System32\OLEAUT32.dll
0x00007ffb83db0000 - 0x00007ffb83f02000 	C:\Windows\SYSTEM32\wintypes.dll
0x00007ffb87d10000 - 0x00007ffb87d41000 	C:\Windows\SYSTEM32\ntmarta.dll
0x00007ffb89ff0000 - 0x00007ffb8a125000 	C:\Windows\System32\MSCTF.dll
0x00007ffb878b0000 - 0x00007ffb878be000 	C:\Windows\SYSTEM32\HID.DLL
0x00007ffb8ae70000 - 0x00007ffb8b2e0000 	C:\Windows\System32\SETUPAPI.DLL
0x00007ffb89950000 - 0x00007ffb89976000 	C:\Windows\System32\bcrypt.dll
0x00007ffb89ad0000 - 0x00007ffb89b2c000 	C:\Windows\System32\WINTRUST.dll
0x00007ffb88d30000 - 0x00007ffb88d42000 	C:\Windows\System32\MSASN1.dll
0x00007ffb89b30000 - 0x00007ffb89c7a000 	C:\Windows\System32\CRYPT32.dll
0x00007ffb76700000 - 0x00007ffb76856000 	C:\Windows\SYSTEM32\opengl32.dll
0x00007ffb762e0000 - 0x00007ffb7630c000 	C:\Windows\SYSTEM32\GLU32.dll
0x00007ffb87910000 - 0x00007ffb87930000 	C:\Windows\SYSTEM32\dxcore.dll
0x00007ffb4c730000 - 0x00007ffb4d276000 	C:\Windows\SYSTEM32\ig75icd64.dll
0x00007ffb7dc30000 - 0x00007ffb7e670000 	C:\Windows\SYSTEM32\igdusc64.dll
0x00007ffb874a0000 - 0x00007ffb874b3000 	C:\Windows\SYSTEM32\WTSAPI32.dll
0x00007ffb879a0000 - 0x00007ffb87a8b000 	C:\Windows\SYSTEM32\dxgi.dll
0x00007ffb85210000 - 0x00007ffb8546b000 	C:\Windows\SYSTEM32\d3d11.dll
0x00007ffb7e670000 - 0x00007ffb7f53b000 	C:\Windows\SYSTEM32\igd10iumd64.dll
0x00007ffb887e0000 - 0x00007ffb88806000 	C:\Windows\SYSTEM32\ncrypt.dll
0x00007ffb887a0000 - 0x00007ffb887db000 	C:\Windows\SYSTEM32\NTASN1.dll
0x00007ffb776e0000 - 0x00007ffb7777d000 	C:\Windows\System32\TextInputFramework.dll
0x00007ffb7b230000 - 0x00007ffb7b4d7000 	C:\Windows\System32\iertutil.dll
0x00007ffb72780000 - 0x00007ffb727e5000 	C:\Windows\system32\Oleacc.dll
0x00007ffb6d510000 - 0x00007ffb6d569000 	C:\Users\larsb\AppData\Local\Temp\lwjgllarsb\3.2.3-build-13\lwjgl_opengl.dll
0x0000000064a00000 - 0x0000000064d11000 	C:\Users\larsb\AppData\Local\Temp\imgui-java-natives_1615643523691\imgui-java64.dll
0x00007ffb88090000 - 0x00007ffb880c3000 	C:\Windows\system32\rsaenh.dll
0x00007ffb886e0000 - 0x00007ffb886ec000 	C:\Windows\SYSTEM32\CRYPTBASE.dll

dbghelp: loaded successfully - version: 4.0.5 - missing functions: none
symbol engine: initialized successfully - sym options: 0x614 - pdb path: .;C:\Program Files\Java\jdk-15.0.2\bin;C:\Windows\SYSTEM32;C:\Windows\WinSxS\amd64_microsoft.windows.common-controls_6595b64144ccf1df_6.0.18362.1316_none_9e7a364fe461dbd7;C:\Program Files\Java\jdk-15.0.2\bin\server;C:\Users\larsb\AppData\Local\Temp\lwjgllarsb\3.2.3-build-13;C:\Users\larsb\AppData\Local\Temp\imgui-java-natives_1615643523691

VM Arguments:
jvm_args: -Dfile.encoding=Cp1252 --module-path=C:\Users\larsb\eclipse-workspace\Atlas\vendor\slick-util.jar -XX:+ShowCodeDetailsInExceptionMessages 
java_command: Atlas.globe.GlobeApp
java_class_path (initial): C:\Users\larsb\eclipse-workspace\Atlas\bin\main;C:\Users\larsb\.gradle\caches\modules-2\files-2.1\io.github.spair\imgui-java-app\1.81.2\dd3956447802608268946566a87a90abd20be7aa\imgui-java-app-1.81.2.jar;C:\Users\larsb\.gradle\caches\modules-2\files-2.1\org.lwjgl\lwjgl-glfw\3.2.3\5e520d5c290c8b012545a8d34fa5db5ab051ea53\lwjgl-glfw-3.2.3.jar;C:\Users\larsb\.gradle\caches\modules-2\files-2.1\org.lwjgl\lwjgl-glfw\3.2.3\b4d8a3477cdc2edcf7a5f1e822926be846223f54\lwjgl-glfw-3.2.3-natives-windows.jar;C:\Users\larsb\.gradle\caches\modules-2\files-2.1\org.lwjgl\lwjgl-glfw\3.2.3\62b044d9b0a057444bef2ab70b9afc288ec09dba\lwjgl-glfw-3.2.3-natives-linux.jar;C:\Users\larsb\.gradle\caches\modules-2\files-2.1\org.lwjgl\lwjgl-glfw\3.2.3\58661272eacb9116336c88b4aadccf1f17c09b\lwjgl-glfw-3.2.3-natives-macos.jar;C:\Users\larsb\.gradle\caches\modules-2\files-2.1\org.lwjgl\lwjgl-opengl\3.2.3\bdd534a323d0c8f54969b95e424b6ac8984f7d6e\lwjgl-opengl-3.2.3.jar;C:\Users\larsb\.gradle\caches\modules-2\files-2.1\org.lwjgl\lwjgl-opengl\3.2.3\e81cfc73ec8708e5e791ed770e4ec3edfc1bbab1\lwjgl-opengl-3.2.3-natives-windows.jar;C:\Users\larsb\.gradle\caches\modules-2\files-2.1\org.lwjgl\lwjgl-opengl\3.2.3\7f14db5da9aa7951efe88993f519d7d38ad6e46b\lwjgl-opengl-3.2.3-natives-linux.jar;C:\Users\larsb\.gradle\caches\modules-2\files-2.1\org.lwjgl\lwjgl-opengl\3.2.3\efa3326c11336d3e74c9c8aeceb2420328d28e6b\lwjgl-opengl-3.2.3-natives-macos.jar;C:\Users\larsb\.gradle\caches\modules-2\files-2.1\org.lwjgl\lwjgl-assimp\3.2.3\f62aa07a20afbdd3097efc296c4841e0d29700eb\lwjgl-assimp-3.2.3.jar;C:\Users\larsb\.gradle\caches\modules-2\files-2.1\org.lwjgl\lwjgl-cuda\3.2.3\fb91f3aaa29e69eee7f1314a63d3e3068ad138e4\lwjgl-cuda-3.2.3.jar;C:\Users\larsb\.gradle\caches\modules-2\files-2.1\org.lwjgl\lwjgl-openal\3.2.3\106742e805803ab9eab8e343f0fb31a3d263903c\lwjgl-openal-3.2.3.jar;C:\Users\larsb\.gradle\caches\modules-2\files-2.1\org.lwjgl\lwjgl-stb\3.2.3\40eccaa4fa86fc815f2e17946a392fb5fdcc286a\lwjgl-stb-3.
Launcher Type: SUN_STANDARD

[Global flags]
     intx CICompilerCount                          = 3                                         {product} {ergonomic}
     uint ConcGCThreads                            = 1                                         {product} {ergonomic}
     uint G1ConcRefinementThreads                  = 4                                         {product} {ergonomic}
   size_t G1HeapRegionSize                         = 1048576                                   {product} {ergonomic}
    uintx GCDrainStackTargetSize                   = 64                                        {product} {ergonomic}
   size_t InitialHeapSize                          = 134217728                                 {product} {ergonomic}
   size_t MarkStackSize                            = 4194304                                   {product} {ergonomic}
   size_t MaxHeapSize                              = 2116026368                                {product} {ergonomic}
   size_t MaxNewSize                               = 1268776960                                {product} {ergonomic}
   size_t MinHeapDeltaBytes                        = 1048576                                   {product} {ergonomic}
   size_t MinHeapSize                              = 8388608                                   {product} {ergonomic}
    uintx NonNMethodCodeHeapSize                   = 5832780                                {pd product} {ergonomic}
    uintx NonProfiledCodeHeapSize                  = 122912730                              {pd product} {ergonomic}
    uintx ProfiledCodeHeapSize                     = 122912730                              {pd product} {ergonomic}
    uintx ReservedCodeCacheSize                    = 251658240                              {pd product} {ergonomic}
     bool SegmentedCodeCache                       = true                                      {product} {ergonomic}
     bool ShowCodeDetailsInExceptionMessages       = true                                   {manageable} {command line}
   size_t SoftMaxHeapSize                          = 2116026368                             {manageable} {ergonomic}
     bool UseCompressedClassPointers               = true                                 {lp64_product} {ergonomic}
     bool UseCompressedOops                        = true                                 {lp64_product} {ergonomic}
     bool UseG1GC                                  = true                                      {product} {ergonomic}
     bool UseLargePagesIndividualAllocation        = false                                  {pd product} {ergonomic}

Logging:
Log output configuration:
 #0: stdout all=warning uptime,level,tags
 #1: stderr all=off uptime,level,tags

Environment Variables:
PATH=C:/Program Files/Java/jdk-15.0.2/bin/server;C:/Program Files/Java/jdk-15.0.2/bin;C:\Program Files\Common Files\Oracle\Java\javapath;C:\Program Files (x86)\Common Files\Oracle\Java\javapath;C:\Windows\system32;C:\Windows;C:\Windows\System32\Wbem;C:\Windows\System32\WindowsPowerShell\v1.0\;C:\Windows\System32\OpenSSH\;C:\Program Files\PuTTY\;C:\Program Files\Git\cmd;C:\src\flutter\bin;C:\Python39\Scripts;C:\Python39;C:\Users\larsb\AppData\Local\Microsoft\WindowsApps;C:\Users\larsb\AppData\Local\Programs\Microsoft VS Code\bin;C:\src\flutter\bin;C:\Python39;C:\Python39\Scripts;C:\Users\larsb\AppData\Local\GitHubDesktop\bin;C:\Windows\system32;
USERNAME=larsb
OS=Windows_NT
PROCESSOR_IDENTIFIER=Intel64 Family 6 Model 69 Stepping 1, GenuineIntel



---------------  S Y S T E M  ---------------

OS:
 Windows 10 , 64 bit Build 18362 (10.0.18362.1316)
OS uptime: 22 days 19:11 hours

CPU: total 4 (initial active 4) (2 cores per cpu, 2 threads per core) family 6 model 69 stepping 1 microcode 0x24, cmov, cx8, fxsr, mmx, sse, sse2, sse3, ssse3, sse4.1, sse4.2, popcnt, vzeroupper, avx, avx2, aes, clmul, erms, lzcnt, ht, tsc, tscinvbit, bmi1, bmi2, fma, clflush

Memory: 4k page, system-wide physical 8070M (3084M free)
TotalPageFile size 10502M (AvailPageFile size 3194M)
current process WorkingSet (physical memory assigned to process): 84M, peak: 90M
current process commit charge ("private bytes"): 251M, peak: 256M

vm_info: Java HotSpot(TM) 64-Bit Server VM (15.0.2+7-27) for windows-amd64 JRE (15.0.2+7-27), built on Dec  7 2020 20:07:01 by "mach5one" with unknown MS VC++:1925

END.
